{"/home/travis/build/npmtest/node-npmtest-github-changes/test.js":{"path":"/home/travis/build/npmtest/node-npmtest-github-changes/test.js","s":{"1":2,"2":2,"3":2,"4":2,"5":2,"6":2,"7":2,"8":1,"9":2,"10":2,"11":1,"12":1,"13":1,"14":1,"15":2,"16":2,"17":2,"18":2,"19":1,"20":1,"21":2,"22":2,"23":2,"24":1,"25":1,"26":1,"27":1,"28":1,"29":1,"30":1,"31":1,"32":1,"33":1,"34":1,"35":1,"36":1,"37":1,"38":1,"39":2,"40":2,"41":1,"42":2,"43":2,"44":1,"45":2,"46":2,"47":1,"48":2,"49":2,"50":1,"51":1,"52":1,"53":1,"54":1},"b":{"1":[2,1,1,1],"2":[1,1,1,1],"3":[1,1],"4":[1,1],"5":[1,1],"6":[1,1],"7":[1,1],"8":[1,1],"9":[1,1],"10":[1,1,1],"11":[1,1],"12":[1,1],"13":[1,1],"14":[1,1],"15":[1,1],"16":[1,1],"17":[1,1]},"f":{"1":2,"2":2,"3":2,"4":2,"5":2,"6":1,"7":1,"8":1,"9":2,"10":2,"11":2,"12":2,"13":1},"fnMap":{"1":{"name":"(anonymous_1)","line":12,"loc":{"start":{"line":12,"column":1},"end":{"line":12,"column":13}}},"2":{"name":"(anonymous_2)","line":19,"loc":{"start":{"line":19,"column":5},"end":{"line":19,"column":17}}},"3":{"name":"(anonymous_3)","line":23,"loc":{"start":{"line":23,"column":24},"end":{"line":23,"column":36}}},"4":{"name":"(anonymous_4)","line":61,"loc":{"start":{"line":61,"column":5},"end":{"line":61,"column":17}}},"5":{"name":"(anonymous_5)","line":82,"loc":{"start":{"line":82,"column":5},"end":{"line":82,"column":17}}},"6":{"name":"(anonymous_6)","line":91,"loc":{"start":{"line":91,"column":77},"end":{"line":94,"column":10}}},"7":{"name":"(anonymous_7)","line":112,"loc":{"start":{"line":112,"column":83},"end":{"line":115,"column":10}},"skip":true},"8":{"name":"(anonymous_8)","line":123,"loc":{"start":{"line":123,"column":77},"end":{"line":126,"column":10}},"skip":true},"9":{"name":"(anonymous_9)","line":139,"loc":{"start":{"line":139,"column":12},"end":{"line":139,"column":40}},"skip":true},"10":{"name":"(anonymous_10)","line":147,"loc":{"start":{"line":147,"column":77},"end":{"line":150,"column":10}},"skip":true},"11":{"name":"(anonymous_11)","line":158,"loc":{"start":{"line":158,"column":83},"end":{"line":161,"column":10}},"skip":true},"12":{"name":"(anonymous_12)","line":169,"loc":{"start":{"line":169,"column":79},"end":{"line":172,"column":10}},"skip":true},"13":{"name":"(anonymous_13)","line":180,"loc":{"start":{"line":180,"column":75},"end":{"line":183,"column":10}},"skip":true}},"statementMap":{"1":{"start":{"line":12,"column":0},"end":{"line":195,"column":5}},"2":{"start":{"line":14,"column":4},"end":{"line":14,"column":14}},"3":{"start":{"line":19,"column":4},"end":{"line":56,"column":9}},"4":{"start":{"line":21,"column":8},"end":{"line":21,"column":19}},"5":{"start":{"line":23,"column":8},"end":{"line":35,"column":13}},"6":{"start":{"line":24,"column":12},"end":{"line":34,"column":13}},"7":{"start":{"line":25,"column":16},"end":{"line":28,"column":30}},"8":{"start":{"line":30,"column":16},"end":{"line":33,"column":27}},"9":{"start":{"line":37,"column":8},"end":{"line":39,"column":21}},"10":{"start":{"line":40,"column":8},"end":{"line":53,"column":9}},"11":{"start":{"line":43,"column":12},"end":{"line":46,"column":14}},"12":{"start":{"line":47,"column":12},"end":{"line":47,"column":18}},"13":{"start":{"line":50,"column":12},"end":{"line":51,"column":46}},"14":{"start":{"line":52,"column":12},"end":{"line":52,"column":18}},"15":{"start":{"line":55,"column":8},"end":{"line":55,"column":35}},"16":{"start":{"line":61,"column":4},"end":{"line":63,"column":9}},"17":{"start":{"line":62,"column":8},"end":{"line":62,"column":15}},"18":{"start":{"line":64,"column":4},"end":{"line":77,"column":5}},"19":{"start":{"line":70,"column":8},"end":{"line":70,"column":14}},"20":{"start":{"line":76,"column":8},"end":{"line":76,"column":14}},"21":{"start":{"line":82,"column":4},"end":{"line":84,"column":9}},"22":{"start":{"line":83,"column":8},"end":{"line":83,"column":15}},"23":{"start":{"line":85,"column":4},"end":{"line":194,"column":5}},"24":{"start":{"line":91,"column":8},"end":{"line":99,"column":10}},"25":{"start":{"line":98,"column":12},"end":{"line":98,"column":35}},"26":{"start":{"line":102,"column":8},"end":{"line":104,"column":63}},"27":{"start":{"line":105,"column":8},"end":{"line":105,"column":14}},"28":{"start":{"line":112,"column":8},"end":{"line":121,"column":10},"skip":true},"29":{"start":{"line":119,"column":12},"end":{"line":119,"column":55},"skip":true},"30":{"start":{"line":120,"column":12},"end":{"line":120,"column":48},"skip":true},"31":{"start":{"line":123,"column":8},"end":{"line":136,"column":10},"skip":true},"32":{"start":{"line":130,"column":12},"end":{"line":130,"column":76},"skip":true},"33":{"start":{"line":131,"column":12},"end":{"line":131,"column":73},"skip":true},"34":{"start":{"line":132,"column":12},"end":{"line":132,"column":74},"skip":true},"35":{"start":{"line":133,"column":12},"end":{"line":133,"column":79},"skip":true},"36":{"start":{"line":134,"column":12},"end":{"line":134,"column":25},"skip":true},"37":{"start":{"line":135,"column":12},"end":{"line":135,"column":45},"skip":true},"38":{"start":{"line":138,"column":8},"end":{"line":145,"column":14},"skip":true},"39":{"start":{"line":143,"column":16},"end":{"line":143,"column":29},"skip":true},"40":{"start":{"line":144,"column":16},"end":{"line":144,"column":55},"skip":true},"41":{"start":{"line":147,"column":8},"end":{"line":156,"column":10},"skip":true},"42":{"start":{"line":154,"column":12},"end":{"line":154,"column":25},"skip":true},"43":{"start":{"line":155,"column":12},"end":{"line":155,"column":45},"skip":true},"44":{"start":{"line":158,"column":8},"end":{"line":167,"column":10},"skip":true},"45":{"start":{"line":165,"column":12},"end":{"line":165,"column":25},"skip":true},"46":{"start":{"line":166,"column":12},"end":{"line":166,"column":48},"skip":true},"47":{"start":{"line":169,"column":8},"end":{"line":178,"column":10},"skip":true},"48":{"start":{"line":176,"column":12},"end":{"line":176,"column":25},"skip":true},"49":{"start":{"line":177,"column":12},"end":{"line":177,"column":46},"skip":true},"50":{"start":{"line":180,"column":8},"end":{"line":189,"column":10},"skip":true},"51":{"start":{"line":187,"column":12},"end":{"line":187,"column":94},"skip":true},"52":{"start":{"line":188,"column":12},"end":{"line":188,"column":48},"skip":true},"53":{"start":{"line":192,"column":8},"end":{"line":192,"column":35},"skip":true},"54":{"start":{"line":193,"column":8},"end":{"line":193,"column":14},"skip":true}},"branchMap":{"1":{"line":25,"type":"binary-expr","locations":[{"start":{"line":25,"column":23},"end":{"line":25,"column":62}},{"start":{"line":26,"column":20},"end":{"line":26,"column":70}},{"start":{"line":27,"column":20},"end":{"line":27,"column":71}},{"start":{"line":28,"column":20},"end":{"line":28,"column":29}}]},"2":{"line":30,"type":"binary-expr","locations":[{"start":{"line":30,"column":23},"end":{"line":30,"column":37}},{"start":{"line":31,"column":20},"end":{"line":31,"column":61}},{"start":{"line":32,"column":20},"end":{"line":32,"column":70}},{"start":{"line":33,"column":20},"end":{"line":33,"column":26}}]},"3":{"line":37,"type":"cond-expr","locations":[{"start":{"line":38,"column":14},"end":{"line":38,"column":20}},{"start":{"line":39,"column":14},"end":{"line":39,"column":20}}]},"4":{"line":40,"type":"switch","locations":[{"start":{"line":42,"column":8},"end":{"line":47,"column":18}},{"start":{"line":49,"column":8},"end":{"line":52,"column":18}}]},"5":{"line":44,"type":"binary-expr","locations":[{"start":{"line":44,"column":16},"end":{"line":44,"column":44}},{"start":{"line":44,"column":48},"end":{"line":44,"column":66}}]},"6":{"line":50,"type":"binary-expr","locations":[{"start":{"line":50,"column":21},"end":{"line":50,"column":49}},{"start":{"line":50,"column":53},"end":{"line":50,"column":72}}]},"7":{"line":64,"type":"switch","locations":[{"start":{"line":69,"column":4},"end":{"line":70,"column":14}},{"start":{"line":75,"column":4},"end":{"line":76,"column":14}}]},"8":{"line":85,"type":"switch","locations":[{"start":{"line":90,"column":4},"end":{"line":105,"column":14}},{"start":{"line":111,"column":4},"end":{"line":193,"column":14},"skip":true}]},"9":{"line":91,"type":"binary-expr","locations":[{"start":{"line":91,"column":42},"end":{"line":91,"column":73}},{"start":{"line":91,"column":77},"end":{"line":99,"column":9}}]},"10":{"line":102,"type":"binary-expr","locations":[{"start":{"line":102,"column":18},"end":{"line":102,"column":32}},{"start":{"line":103,"column":12},"end":{"line":103,"column":53}},{"start":{"line":104,"column":12},"end":{"line":104,"column":61}}]},"11":{"line":112,"type":"binary-expr","locations":[{"start":{"line":112,"column":45},"end":{"line":112,"column":79},"skip":true},{"start":{"line":112,"column":83},"end":{"line":121,"column":9},"skip":true}]},"12":{"line":123,"type":"binary-expr","locations":[{"start":{"line":123,"column":42},"end":{"line":123,"column":73},"skip":true},{"start":{"line":123,"column":77},"end":{"line":136,"column":9},"skip":true}]},"13":{"line":138,"type":"binary-expr","locations":[{"start":{"line":138,"column":48},"end":{"line":138,"column":85},"skip":true},{"start":{"line":139,"column":12},"end":{"line":145,"column":13},"skip":true}]},"14":{"line":147,"type":"binary-expr","locations":[{"start":{"line":147,"column":42},"end":{"line":147,"column":73},"skip":true},{"start":{"line":147,"column":77},"end":{"line":156,"column":9},"skip":true}]},"15":{"line":158,"type":"binary-expr","locations":[{"start":{"line":158,"column":45},"end":{"line":158,"column":79},"skip":true},{"start":{"line":158,"column":83},"end":{"line":167,"column":9},"skip":true}]},"16":{"line":169,"type":"binary-expr","locations":[{"start":{"line":169,"column":43},"end":{"line":169,"column":75},"skip":true},{"start":{"line":169,"column":79},"end":{"line":178,"column":9},"skip":true}]},"17":{"line":180,"type":"binary-expr","locations":[{"start":{"line":180,"column":41},"end":{"line":180,"column":71},"skip":true},{"start":{"line":180,"column":75},"end":{"line":189,"column":9},"skip":true}]}},"code":["/* istanbul instrument in package npmtest_github_changes */","/*jslint","    bitwise: true,","    browser: true,","    maxerr: 8,","    maxlen: 96,","    node: true,","    nomen: true,","    regexp: true,","    stupid: true","*/","(function () {","    'use strict';","    var local;","","","","    // run shared js-env code - pre-init","    (function () {","        // init local","        local = {};","        // init modeJs","        local.modeJs = (function () {","            try {","                return typeof navigator.userAgent === 'string' &&","                    typeof document.querySelector('body') === 'object' &&","                    typeof XMLHttpRequest.prototype.open === 'function' &&","                    'browser';","            } catch (errorCaughtBrowser) {","                return module.exports &&","                    typeof process.versions.node === 'string' &&","                    typeof require('http').createServer === 'function' &&","                    'node';","            }","        }());","        // init global","        local.global = local.modeJs === 'browser'","            ? window","            : global;","        switch (local.modeJs) {","        // re-init local from window.local","        case 'browser':","            local = local.global.utility2.objectSetDefault(","                local.global.utility2_rollup || local.global.local,","                local.global.utility2","            );","            break;","        // re-init local from example.js","        case 'node':","            local = (local.global.utility2_rollup || require('utility2'))","                .requireExampleJsFromReadme();","            break;","        }","        // export local","        local.global.local = local;","    }());","","","","    // run shared js-env code - function","    (function () {","        return;","    }());","    switch (local.modeJs) {","","","","    // run browser js-env code - function","    case 'browser':","        break;","","","","    // run node js-env code - function","    case 'node':","        break;","    }","","","","    // run shared js-env code - post-init","    (function () {","        return;","    }());","    switch (local.modeJs) {","","","","    // run browser js-env code - post-init","    case 'browser':","        local.testCase_browser_nullCase = local.testCase_browser_nullCase || function (","            options,","            onError","        ) {","        /*","         * this function will test browsers's null-case handling-behavior-behavior","         */","            onError(null, options);","        };","","        // run tests","        local.nop(local.modeTest &&","            document.querySelector('#testRunButton1') &&","            document.querySelector('#testRunButton1').click());","        break;","","","","    // run node js-env code - post-init","    /* istanbul ignore next */","    case 'node':","        local.testCase_buildApidoc_default = local.testCase_buildApidoc_default || function (","            options,","            onError","        ) {","        /*","         * this function will test buildApidoc's default handling-behavior-behavior","         */","            options = { modulePathList: module.paths };","            local.buildApidoc(options, onError);","        };","","        local.testCase_buildApp_default = local.testCase_buildApp_default || function (","            options,","            onError","        ) {","        /*","         * this function will test buildApp's default handling-behavior-behavior","         */","            local.testCase_buildReadme_default(options, local.onErrorThrow);","            local.testCase_buildLib_default(options, local.onErrorThrow);","            local.testCase_buildTest_default(options, local.onErrorThrow);","            local.testCase_buildCustomOrg_default(options, local.onErrorThrow);","            options = [];","            local.buildApp(options, onError);","        };","","        local.testCase_buildCustomOrg_default = local.testCase_buildCustomOrg_default ||","            function (options, onError) {","            /*","             * this function will test buildCustomOrg's default handling-behavior","             */","                options = {};","                local.buildCustomOrg(options, onError);","            };","","        local.testCase_buildLib_default = local.testCase_buildLib_default || function (","            options,","            onError","        ) {","        /*","         * this function will test buildLib's default handling-behavior","         */","            options = {};","            local.buildLib(options, onError);","        };","","        local.testCase_buildReadme_default = local.testCase_buildReadme_default || function (","            options,","            onError","        ) {","        /*","         * this function will test buildReadme's default handling-behavior-behavior","         */","            options = {};","            local.buildReadme(options, onError);","        };","","        local.testCase_buildTest_default = local.testCase_buildTest_default || function (","            options,","            onError","        ) {","        /*","         * this function will test buildTest's default handling-behavior","         */","            options = {};","            local.buildTest(options, onError);","        };","","        local.testCase_webpage_default = local.testCase_webpage_default || function (","            options,","            onError","        ) {","        /*","         * this function will test webpage's default handling-behavior","         */","            options = { modeCoverageMerge: true, url: local.serverLocalHost + '?modeTest=1' };","            local.browserTest(options, onError);","        };","","        // run test-server","        local.testRunServer(local);","        break;","    }","}());",""],"l":{"12":2,"14":2,"19":2,"21":2,"23":2,"24":2,"25":2,"30":1,"37":2,"40":2,"43":1,"47":1,"50":1,"52":1,"55":2,"61":2,"62":2,"64":2,"70":1,"76":1,"82":2,"83":2,"85":2,"91":1,"98":1,"102":1,"105":1,"112":1,"119":1,"120":1,"123":1,"130":1,"131":1,"132":1,"133":1,"134":1,"135":1,"138":1,"143":2,"144":2,"147":1,"154":2,"155":2,"158":1,"165":2,"166":2,"169":1,"176":2,"177":2,"180":1,"187":1,"188":1,"192":1,"193":1}},"/home/travis/build/npmtest/node-npmtest-github-changes/lib.npmtest_github_changes.js":{"path":"/home/travis/build/npmtest/node-npmtest-github-changes/lib.npmtest_github_changes.js","s":{"1":2,"2":2,"3":2,"4":2,"5":2,"6":2,"7":2,"8":1,"9":2,"10":2,"11":2,"12":2,"13":1,"14":1,"15":1,"16":1},"b":{"1":[2,1,1,1],"2":[1,1,1,1],"3":[1,1],"4":[2,2],"5":[1,1]},"f":{"1":2,"2":2,"3":2},"fnMap":{"1":{"name":"(anonymous_1)","line":12,"loc":{"start":{"line":12,"column":1},"end":{"line":12,"column":13}}},"2":{"name":"(anonymous_2)","line":19,"loc":{"start":{"line":19,"column":5},"end":{"line":19,"column":17}}},"3":{"name":"(anonymous_3)","line":23,"loc":{"start":{"line":23,"column":24},"end":{"line":23,"column":36}}}},"statementMap":{"1":{"start":{"line":12,"column":0},"end":{"line":53,"column":5}},"2":{"start":{"line":14,"column":4},"end":{"line":14,"column":14}},"3":{"start":{"line":19,"column":4},"end":{"line":52,"column":9}},"4":{"start":{"line":21,"column":8},"end":{"line":21,"column":19}},"5":{"start":{"line":23,"column":8},"end":{"line":35,"column":13}},"6":{"start":{"line":24,"column":12},"end":{"line":34,"column":13}},"7":{"start":{"line":25,"column":16},"end":{"line":28,"column":30}},"8":{"start":{"line":30,"column":16},"end":{"line":33,"column":27}},"9":{"start":{"line":37,"column":8},"end":{"line":39,"column":21}},"10":{"start":{"line":41,"column":8},"end":{"line":41,"column":54}},"11":{"start":{"line":43,"column":8},"end":{"line":43,"column":59}},"12":{"start":{"line":45,"column":8},"end":{"line":51,"column":9}},"13":{"start":{"line":46,"column":12},"end":{"line":46,"column":65}},"14":{"start":{"line":48,"column":12},"end":{"line":48,"column":35}},"15":{"start":{"line":49,"column":12},"end":{"line":49,"column":49}},"16":{"start":{"line":50,"column":12},"end":{"line":50,"column":43}}},"branchMap":{"1":{"line":25,"type":"binary-expr","locations":[{"start":{"line":25,"column":23},"end":{"line":25,"column":62}},{"start":{"line":26,"column":20},"end":{"line":26,"column":70}},{"start":{"line":27,"column":20},"end":{"line":27,"column":71}},{"start":{"line":28,"column":20},"end":{"line":28,"column":29}}]},"2":{"line":30,"type":"binary-expr","locations":[{"start":{"line":30,"column":23},"end":{"line":30,"column":37}},{"start":{"line":31,"column":20},"end":{"line":31,"column":61}},{"start":{"line":32,"column":20},"end":{"line":32,"column":70}},{"start":{"line":33,"column":20},"end":{"line":33,"column":26}}]},"3":{"line":37,"type":"cond-expr","locations":[{"start":{"line":38,"column":14},"end":{"line":38,"column":20}},{"start":{"line":39,"column":14},"end":{"line":39,"column":20}}]},"4":{"line":41,"type":"binary-expr","locations":[{"start":{"line":41,"column":16},"end":{"line":41,"column":44}},{"start":{"line":41,"column":48},"end":{"line":41,"column":53}}]},"5":{"line":45,"type":"if","locations":[{"start":{"line":45,"column":8},"end":{"line":45,"column":8}},{"start":{"line":45,"column":8},"end":{"line":45,"column":8}}]}},"code":["/* istanbul instrument in package npmtest_github_changes */","/*jslint","    bitwise: true,","    browser: true,","    maxerr: 8,","    maxlen: 96,","    node: true,","    nomen: true,","    regexp: true,","    stupid: true","*/","(function () {","    'use strict';","    var local;","","","","    // run shared js-env code - pre-init","    (function () {","        // init local","        local = {};","        // init modeJs","        local.modeJs = (function () {","            try {","                return typeof navigator.userAgent === 'string' &&","                    typeof document.querySelector('body') === 'object' &&","                    typeof XMLHttpRequest.prototype.open === 'function' &&","                    'browser';","            } catch (errorCaughtBrowser) {","                return module.exports &&","                    typeof process.versions.node === 'string' &&","                    typeof require('http').createServer === 'function' &&","                    'node';","            }","        }());","        // init global","        local.global = local.modeJs === 'browser'","            ? window","            : global;","        // init utility2_rollup","        local = local.global.utility2_rollup || local;","        // init lib","        local.local = local.npmtest_github_changes = local;","        // init exports","        if (local.modeJs === 'browser') {","            local.global.utility2_npmtest_github_changes = local;","        } else {","            module.exports = local;","            module.exports.__dirname = __dirname;","            module.exports.module = module;","        }","    }());","}());",""],"l":{"12":2,"14":2,"19":2,"21":2,"23":2,"24":2,"25":2,"30":1,"37":2,"41":2,"43":2,"45":2,"46":1,"48":1,"49":1,"50":1}},"/home/travis/build/npmtest/node-npmtest-github-changes/example.js":{"path":"/home/travis/build/npmtest/node-npmtest-github-changes/example.js","s":{"1":2,"2":2,"3":2,"4":2,"5":2,"6":2,"7":2,"8":1,"9":2,"10":2,"11":2,"12":2,"13":1,"14":2,"15":2,"16":2,"17":2,"18":2,"19":0,"20":2,"21":1,"22":1,"23":1,"24":1,"25":1,"26":0,"27":0,"28":1,"29":1,"30":2,"31":0,"32":0,"33":0,"34":1,"35":2,"36":2,"37":3,"38":3,"39":3,"40":3,"41":0,"42":3,"43":3,"44":3,"45":1,"46":3,"47":1,"48":1,"49":1,"50":1,"51":1,"52":1,"53":1,"54":1,"55":1,"56":1,"57":0,"58":1,"59":6,"60":6,"61":1,"62":2,"63":0,"64":2,"65":1,"66":1,"67":0,"68":0,"69":0,"70":0,"71":0,"72":0,"73":0,"74":0,"75":0,"76":0,"77":0,"78":0,"79":0,"80":0,"81":0,"82":0,"83":0},"b":{"1":[2,1,1,1],"2":[1,1,1,1],"3":[1,1],"4":[2,2],"5":[1,1],"6":[1,1],"7":[2,0],"8":[2,1,1,1,1,1],"9":[0,2,0],"10":[1,1],"11":[2,1,1],"12":[1,0],"13":[0,2],"14":[2,0,0,0,0,0,0],"15":[0,3],"16":[3,0],"17":[1,1],"18":[0,1],"19":[1,2,0,2],"20":[1,0],"21":[1,1],"22":[0,0],"23":[0,0],"24":[0,0],"25":[0,0],"26":[0,0],"27":[0,0],"28":[0,0]},"f":{"1":2,"2":2,"3":2,"4":2,"5":2,"6":2,"7":3,"8":3,"9":3,"10":1,"11":6,"12":0},"fnMap":{"1":{"name":"(anonymous_1)","line":26,"loc":{"start":{"line":26,"column":1},"end":{"line":26,"column":13}}},"2":{"name":"(anonymous_2)","line":33,"loc":{"start":{"line":33,"column":5},"end":{"line":33,"column":17}}},"3":{"name":"(anonymous_3)","line":37,"loc":{"start":{"line":37,"column":24},"end":{"line":37,"column":36}}},"4":{"name":"(anonymous_4)","line":69,"loc":{"start":{"line":69,"column":31},"end":{"line":69,"column":48}},"skip":true},"5":{"name":"(anonymous_5)","line":78,"loc":{"start":{"line":78,"column":26},"end":{"line":78,"column":45}},"skip":true},"6":{"name":"(anonymous_6)","line":123,"loc":{"start":{"line":123,"column":33},"end":{"line":123,"column":48}},"skip":true},"7":{"name":"(anonymous_7)","line":125,"loc":{"start":{"line":125,"column":27},"end":{"line":125,"column":39}},"skip":true},"8":{"name":"(anonymous_8)","line":133,"loc":{"start":{"line":133,"column":59},"end":{"line":133,"column":74}},"skip":true},"9":{"name":"(anonymous_9)","line":143,"loc":{"start":{"line":143,"column":45},"end":{"line":143,"column":62}},"skip":true},"10":{"name":"(anonymous_10)","line":144,"loc":{"start":{"line":144,"column":73},"end":{"line":144,"column":92}},"skip":true},"11":{"name":"(anonymous_11)","line":272,"loc":{"start":{"line":272,"column":51},"end":{"line":272,"column":77}},"skip":true},"12":{"name":"(anonymous_12)","line":315,"loc":{"start":{"line":315,"column":32},"end":{"line":315,"column":61}},"skip":true}},"statementMap":{"1":{"start":{"line":26,"column":0},"end":{"line":326,"column":5}},"2":{"start":{"line":28,"column":4},"end":{"line":28,"column":14}},"3":{"start":{"line":33,"column":4},"end":{"line":60,"column":9}},"4":{"start":{"line":35,"column":8},"end":{"line":35,"column":19}},"5":{"start":{"line":37,"column":8},"end":{"line":49,"column":13}},"6":{"start":{"line":38,"column":12},"end":{"line":48,"column":13}},"7":{"start":{"line":39,"column":16},"end":{"line":42,"column":30}},"8":{"start":{"line":44,"column":16},"end":{"line":47,"column":27}},"9":{"start":{"line":51,"column":8},"end":{"line":53,"column":21}},"10":{"start":{"line":55,"column":8},"end":{"line":57,"column":45}},"11":{"start":{"line":59,"column":8},"end":{"line":59,"column":35}},"12":{"start":{"line":61,"column":4},"end":{"line":325,"column":5}},"13":{"start":{"line":69,"column":8},"end":{"line":121,"column":10},"skip":true},"14":{"start":{"line":70,"column":12},"end":{"line":88,"column":13},"skip":true},"15":{"start":{"line":76,"column":16},"end":{"line":87,"column":19},"skip":true},"16":{"start":{"line":79,"column":20},"end":{"line":86,"column":21},"skip":true},"17":{"start":{"line":82,"column":24},"end":{"line":82,"column":43},"skip":true},"18":{"start":{"line":83,"column":24},"end":{"line":83,"column":30},"skip":true},"19":{"start":{"line":85,"column":24},"end":{"line":85,"column":49},"skip":true},"20":{"start":{"line":89,"column":12},"end":{"line":107,"column":13},"skip":true},"21":{"start":{"line":92,"column":16},"end":{"line":102,"column":17},"skip":true},"22":{"start":{"line":93,"column":20},"end":{"line":93,"column":86},"skip":true},"23":{"start":{"line":94,"column":20},"end":{"line":95,"column":45},"skip":true},"24":{"start":{"line":96,"column":20},"end":{"line":96,"column":42},"skip":true},"25":{"start":{"line":97,"column":20},"end":{"line":97,"column":48},"skip":true},"26":{"start":{"line":100,"column":20},"end":{"line":100,"column":85},"skip":true},"27":{"start":{"line":101,"column":20},"end":{"line":101,"column":96},"skip":true},"28":{"start":{"line":103,"column":16},"end":{"line":103,"column":22},"skip":true},"29":{"start":{"line":106,"column":16},"end":{"line":106,"column":22},"skip":true},"30":{"start":{"line":108,"column":12},"end":{"line":120,"column":13},"skip":true},"31":{"start":{"line":114,"column":16},"end":{"line":119,"column":17},"skip":true},"32":{"start":{"line":116,"column":20},"end":{"line":116,"column":78},"skip":true},"33":{"start":{"line":118,"column":20},"end":{"line":118,"column":47},"skip":true},"34":{"start":{"line":123,"column":8},"end":{"line":141,"column":11},"skip":true},"35":{"start":{"line":124,"column":12},"end":{"line":124,"column":54},"skip":true},"36":{"start":{"line":125,"column":12},"end":{"line":140,"column":14},"skip":true},"37":{"start":{"line":126,"column":16},"end":{"line":126,"column":28},"skip":true},"38":{"start":{"line":127,"column":16},"end":{"line":127,"column":69},"skip":true},"39":{"start":{"line":128,"column":16},"end":{"line":128,"column":75},"skip":true},"40":{"start":{"line":129,"column":16},"end":{"line":131,"column":17},"skip":true},"41":{"start":{"line":130,"column":20},"end":{"line":130,"column":27},"skip":true},"42":{"start":{"line":133,"column":16},"end":{"line":137,"column":36},"skip":true},"43":{"start":{"line":134,"column":20},"end":{"line":136,"column":55},"skip":true},"44":{"start":{"line":139,"column":16},"end":{"line":139,"column":57},"skip":true},"45":{"start":{"line":143,"column":8},"end":{"line":147,"column":11},"skip":true},"46":{"start":{"line":144,"column":12},"end":{"line":146,"column":15},"skip":true},"47":{"start":{"line":145,"column":16},"end":{"line":145,"column":70},"skip":true},"48":{"start":{"line":149,"column":8},"end":{"line":149,"column":31},"skip":true},"49":{"start":{"line":150,"column":8},"end":{"line":150,"column":14},"skip":true},"50":{"start":{"line":158,"column":8},"end":{"line":158,"column":31},"skip":true},"51":{"start":{"line":160,"column":8},"end":{"line":160,"column":33},"skip":true},"52":{"start":{"line":161,"column":8},"end":{"line":161,"column":37},"skip":true},"53":{"start":{"line":162,"column":8},"end":{"line":162,"column":35},"skip":true},"54":{"start":{"line":164,"column":8},"end":{"line":164,"column":50},"skip":true},"55":{"start":{"line":166,"column":8},"end":{"line":256,"column":2},"skip":true},"56":{"start":{"line":258,"column":8},"end":{"line":286,"column":9},"skip":true},"57":{"start":{"line":259,"column":12},"end":{"line":269,"column":14},"skip":true},"58":{"start":{"line":271,"column":12},"end":{"line":285,"column":19},"skip":true},"59":{"start":{"line":274,"column":20},"end":{"line":274,"column":35},"skip":true},"60":{"start":{"line":275,"column":20},"end":{"line":284,"column":21},"skip":true},"61":{"start":{"line":277,"column":24},"end":{"line":277,"column":64},"skip":true},"62":{"start":{"line":279,"column":24},"end":{"line":279,"column":40},"skip":true},"63":{"start":{"line":281,"column":24},"end":{"line":281,"column":40},"skip":true},"64":{"start":{"line":283,"column":24},"end":{"line":283,"column":39},"skip":true},"65":{"start":{"line":288,"column":8},"end":{"line":290,"column":9},"skip":true},"66":{"start":{"line":289,"column":12},"end":{"line":289,"column":18},"skip":true},"67":{"start":{"line":291,"column":8},"end":{"line":293,"column":54},"skip":true},"68":{"start":{"line":296,"column":8},"end":{"line":301,"column":37},"skip":true},"69":{"start":{"line":303,"column":8},"end":{"line":303,"column":82},"skip":true},"70":{"start":{"line":306,"column":8},"end":{"line":308,"column":9},"skip":true},"71":{"start":{"line":307,"column":12},"end":{"line":307,"column":82},"skip":true},"72":{"start":{"line":310,"column":8},"end":{"line":312,"column":9},"skip":true},"73":{"start":{"line":311,"column":12},"end":{"line":311,"column":18},"skip":true},"74":{"start":{"line":313,"column":8},"end":{"line":313,"column":54},"skip":true},"75":{"start":{"line":314,"column":8},"end":{"line":314,"column":69},"skip":true},"76":{"start":{"line":315,"column":8},"end":{"line":323,"column":36},"skip":true},"77":{"start":{"line":316,"column":12},"end":{"line":316,"column":61},"skip":true},"78":{"start":{"line":317,"column":12},"end":{"line":320,"column":13},"skip":true},"79":{"start":{"line":318,"column":16},"end":{"line":318,"column":75},"skip":true},"80":{"start":{"line":319,"column":16},"end":{"line":319,"column":23},"skip":true},"81":{"start":{"line":321,"column":12},"end":{"line":321,"column":38},"skip":true},"82":{"start":{"line":322,"column":12},"end":{"line":322,"column":27},"skip":true},"83":{"start":{"line":324,"column":8},"end":{"line":324,"column":14},"skip":true}},"branchMap":{"1":{"line":39,"type":"binary-expr","locations":[{"start":{"line":39,"column":23},"end":{"line":39,"column":62}},{"start":{"line":40,"column":20},"end":{"line":40,"column":70}},{"start":{"line":41,"column":20},"end":{"line":41,"column":71}},{"start":{"line":42,"column":20},"end":{"line":42,"column":29}}]},"2":{"line":44,"type":"binary-expr","locations":[{"start":{"line":44,"column":23},"end":{"line":44,"column":37}},{"start":{"line":45,"column":20},"end":{"line":45,"column":61}},{"start":{"line":46,"column":20},"end":{"line":46,"column":70}},{"start":{"line":47,"column":20},"end":{"line":47,"column":26}}]},"3":{"line":51,"type":"cond-expr","locations":[{"start":{"line":52,"column":14},"end":{"line":52,"column":20}},{"start":{"line":53,"column":14},"end":{"line":53,"column":20}}]},"4":{"line":55,"type":"binary-expr","locations":[{"start":{"line":55,"column":16},"end":{"line":55,"column":44}},{"start":{"line":55,"column":49},"end":{"line":57,"column":43}}]},"5":{"line":55,"type":"cond-expr","locations":[{"start":{"line":56,"column":14},"end":{"line":56,"column":58}},{"start":{"line":57,"column":14},"end":{"line":57,"column":43}}]},"6":{"line":61,"type":"switch","locations":[{"start":{"line":68,"column":4},"end":{"line":150,"column":14},"skip":true},{"start":{"line":156,"column":4},"end":{"line":324,"column":14},"skip":true}]},"7":{"line":70,"type":"if","locations":[{"start":{"line":70,"column":12},"end":{"line":70,"column":12},"skip":true},{"start":{"line":70,"column":12},"end":{"line":70,"column":12},"skip":true}]},"8":{"line":70,"type":"binary-expr","locations":[{"start":{"line":70,"column":16},"end":{"line":70,"column":22},"skip":true},{"start":{"line":70,"column":27},"end":{"line":70,"column":32},"skip":true},{"start":{"line":71,"column":20},"end":{"line":71,"column":39},"skip":true},{"start":{"line":72,"column":20},"end":{"line":72,"column":49},"skip":true},{"start":{"line":73,"column":20},"end":{"line":73,"column":58},"skip":true},{"start":{"line":74,"column":20},"end":{"line":74,"column":69},"skip":true}]},"9":{"line":79,"type":"switch","locations":[{"start":{"line":80,"column":20},"end":{"line":80,"column":33},"skip":true},{"start":{"line":81,"column":20},"end":{"line":83,"column":30},"skip":true},{"start":{"line":84,"column":20},"end":{"line":85,"column":49},"skip":true}]},"10":{"line":89,"type":"switch","locations":[{"start":{"line":90,"column":12},"end":{"line":103,"column":22},"skip":true},{"start":{"line":105,"column":12},"end":{"line":106,"column":22},"skip":true}]},"11":{"line":89,"type":"binary-expr","locations":[{"start":{"line":89,"column":20},"end":{"line":89,"column":25},"skip":true},{"start":{"line":89,"column":29},"end":{"line":89,"column":48},"skip":true},{"start":{"line":89,"column":52},"end":{"line":89,"column":74},"skip":true}]},"12":{"line":92,"type":"if","locations":[{"start":{"line":92,"column":16},"end":{"line":92,"column":16},"skip":true},{"start":{"line":92,"column":16},"end":{"line":92,"column":16},"skip":true}]},"13":{"line":108,"type":"if","locations":[{"start":{"line":108,"column":12},"end":{"line":108,"column":12},"skip":true},{"start":{"line":108,"column":12},"end":{"line":108,"column":12},"skip":true}]},"14":{"line":108,"type":"binary-expr","locations":[{"start":{"line":108,"column":16},"end":{"line":108,"column":61},"skip":true},{"start":{"line":108,"column":66},"end":{"line":108,"column":72},"skip":true},{"start":{"line":108,"column":77},"end":{"line":108,"column":82},"skip":true},{"start":{"line":109,"column":20},"end":{"line":109,"column":39},"skip":true},{"start":{"line":110,"column":20},"end":{"line":110,"column":49},"skip":true},{"start":{"line":111,"column":20},"end":{"line":111,"column":58},"skip":true},{"start":{"line":112,"column":20},"end":{"line":112,"column":68},"skip":true}]},"15":{"line":129,"type":"if","locations":[{"start":{"line":129,"column":16},"end":{"line":129,"column":16},"skip":true},{"start":{"line":129,"column":16},"end":{"line":129,"column":16},"skip":true}]},"16":{"line":134,"type":"cond-expr","locations":[{"start":{"line":135,"column":26},"end":{"line":135,"column":29},"skip":true},{"start":{"line":136,"column":26},"end":{"line":136,"column":54},"skip":true}]},"17":{"line":164,"type":"binary-expr","locations":[{"start":{"line":164,"column":27},"end":{"line":164,"column":43},"skip":true},{"start":{"line":164,"column":47},"end":{"line":164,"column":49},"skip":true}]},"18":{"line":258,"type":"if","locations":[{"start":{"line":258,"column":8},"end":{"line":258,"column":8},"skip":true},{"start":{"line":258,"column":8},"end":{"line":258,"column":8},"skip":true}]},"19":{"line":275,"type":"switch","locations":[{"start":{"line":276,"column":20},"end":{"line":277,"column":64},"skip":true},{"start":{"line":278,"column":20},"end":{"line":279,"column":40},"skip":true},{"start":{"line":280,"column":20},"end":{"line":281,"column":40},"skip":true},{"start":{"line":282,"column":20},"end":{"line":283,"column":39},"skip":true}]},"20":{"line":288,"type":"if","locations":[{"start":{"line":288,"column":8},"end":{"line":288,"column":8},"skip":true},{"start":{"line":288,"column":8},"end":{"line":288,"column":8},"skip":true}]},"21":{"line":288,"type":"binary-expr","locations":[{"start":{"line":288,"column":12},"end":{"line":288,"column":40},"skip":true},{"start":{"line":288,"column":44},"end":{"line":288,"column":67},"skip":true}]},"22":{"line":292,"type":"binary-expr","locations":[{"start":{"line":292,"column":12},"end":{"line":292,"column":50},"skip":true},{"start":{"line":293,"column":12},"end":{"line":293,"column":53},"skip":true}]},"23":{"line":297,"type":"binary-expr","locations":[{"start":{"line":297,"column":12},"end":{"line":297,"column":72},"skip":true},{"start":{"line":298,"column":12},"end":{"line":301,"column":36},"skip":true}]},"24":{"line":303,"type":"binary-expr","locations":[{"start":{"line":303,"column":43},"end":{"line":303,"column":75},"skip":true},{"start":{"line":303,"column":79},"end":{"line":303,"column":81},"skip":true}]},"25":{"line":306,"type":"if","locations":[{"start":{"line":306,"column":8},"end":{"line":306,"column":8},"skip":true},{"start":{"line":306,"column":8},"end":{"line":306,"column":8},"skip":true}]},"26":{"line":310,"type":"if","locations":[{"start":{"line":310,"column":8},"end":{"line":310,"column":8},"skip":true},{"start":{"line":310,"column":8},"end":{"line":310,"column":8},"skip":true}]},"27":{"line":313,"type":"binary-expr","locations":[{"start":{"line":313,"column":27},"end":{"line":313,"column":43},"skip":true},{"start":{"line":313,"column":47},"end":{"line":313,"column":53},"skip":true}]},"28":{"line":317,"type":"if","locations":[{"start":{"line":317,"column":12},"end":{"line":317,"column":12},"skip":true},{"start":{"line":317,"column":12},"end":{"line":317,"column":12},"skip":true}]}},"code":["/*","example.js","","quickstart example","","instruction","    1. save this script as example.js","    2. run the shell command:","        $ npm install npmtest-github-changes && PORT=8081 node example.js","    3. play with the browser-demo on http://127.0.0.1:8081","*/","","","","/* istanbul instrument in package npmtest_github_changes */","/*jslint","    bitwise: true,","    browser: true,","    maxerr: 8,","    maxlen: 96,","    node: true,","    nomen: true,","    regexp: true,","    stupid: true","*/","(function () {","    'use strict';","    var local;","","","","    // run shared js-env code - pre-init","    (function () {","        // init local","        local = {};","        // init modeJs","        local.modeJs = (function () {","            try {","                return typeof navigator.userAgent === 'string' &&","                    typeof document.querySelector('body') === 'object' &&","                    typeof XMLHttpRequest.prototype.open === 'function' &&","                    'browser';","            } catch (errorCaughtBrowser) {","                return module.exports &&","                    typeof process.versions.node === 'string' &&","                    typeof require('http').createServer === 'function' &&","                    'node';","            }","        }());","        // init global","        local.global = local.modeJs === 'browser'","            ? window","            : global;","        // init utility2_rollup","        local = local.global.utility2_rollup || (local.modeJs === 'browser'","            ? local.global.utility2_npmtest_github_changes","            : global.utility2_moduleExports);","        // export local","        local.global.local = local;","    }());","    switch (local.modeJs) {","","","","    // post-init","    // run browser js-env code - post-init","    /* istanbul ignore next */","    case 'browser':","        local.testRunBrowser = function (event) {","            if (!event || (event &&","                    event.currentTarget &&","                    event.currentTarget.className &&","                    event.currentTarget.className.includes &&","                    event.currentTarget.className.includes('onreset'))) {","                // reset output","                Array.from(","                    document.querySelectorAll('body > .resettable')","                ).forEach(function (element) {","                    switch (element.tagName) {","                    case 'INPUT':","                    case 'TEXTAREA':","                        element.value = '';","                        break;","                    default:","                        element.textContent = '';","                    }","                });","            }","            switch (event && event.currentTarget && event.currentTarget.id) {","            case 'testRunButton1':","                // show tests","                if (document.querySelector('#testReportDiv1').style.display === 'none') {","                    document.querySelector('#testReportDiv1').style.display = 'block';","                    document.querySelector('#testRunButton1').textContent =","                        'hide internal test';","                    local.modeTest = true;","                    local.testRunDefault(local);","                // hide tests","                } else {","                    document.querySelector('#testReportDiv1').style.display = 'none';","                    document.querySelector('#testRunButton1').textContent = 'run internal test';","                }","                break;","            // custom-case","            default:","                break;","            }","            if (document.querySelector('#inputTextareaEval1') && (!event || (event &&","                    event.currentTarget &&","                    event.currentTarget.className &&","                    event.currentTarget.className.includes &&","                    event.currentTarget.className.includes('oneval')))) {","                // try to eval input-code","                try {","                    /*jslint evil: true*/","                    eval(document.querySelector('#inputTextareaEval1').value);","                } catch (errorCaught) {","                    console.error(errorCaught);","                }","            }","        };","        // log stderr and stdout to #outputTextareaStdout1","        ['error', 'log'].forEach(function (key) {","            console[key + '_original'] = console[key];","            console[key] = function () {","                var element;","                console[key + '_original'].apply(console, arguments);","                element = document.querySelector('#outputTextareaStdout1');","                if (!element) {","                    return;","                }","                // append text to #outputTextareaStdout1","                element.value += Array.from(arguments).map(function (arg) {","                    return typeof arg === 'string'","                        ? arg","                        : JSON.stringify(arg, null, 4);","                }).join(' ') + '\\n';","                // scroll textarea to bottom","                element.scrollTop = element.scrollHeight;","            };","        });","        // init event-handling","        ['change', 'click', 'keyup'].forEach(function (event) {","            Array.from(document.querySelectorAll('.on' + event)).forEach(function (element) {","                element.addEventListener(event, local.testRunBrowser);","            });","        });","        // run tests","        local.testRunBrowser();","        break;","","","","    // run node js-env code - post-init","    /* istanbul ignore next */","    case 'node':","        // export local","        module.exports = local;","        // require modules","        local.fs = require('fs');","        local.http = require('http');","        local.url = require('url');","        // init assets","        local.assetsDict = local.assetsDict || {};","        /* jslint-ignore-begin */","        local.assetsDict['/assets.index.template.html'] = '\\","<!doctype html>\\n\\","<html lang=\"en\">\\n\\","<head>\\n\\","<meta charset=\"UTF-8\">\\n\\","<meta name=\"viewport\" content=\"width=device-width, initial-scale=1\">\\n\\","<title>{{env.npm_package_name}} (v{{env.npm_package_version}})</title>\\n\\","<style>\\n\\","/*csslint\\n\\","    box-sizing: false,\\n\\","    universal-selector: false\\n\\","*/\\n\\","* {\\n\\","    box-sizing: border-box;\\n\\","}\\n\\","body {\\n\\","    background: #dde;\\n\\","    font-family: Arial, Helvetica, sans-serif;\\n\\","    margin: 2rem;\\n\\","}\\n\\","body > * {\\n\\","    margin-bottom: 1rem;\\n\\","}\\n\\",".utility2FooterDiv {\\n\\","    margin-top: 20px;\\n\\","    text-align: center;\\n\\","}\\n\\","</style>\\n\\","<style>\\n\\","/*csslint\\n\\","*/\\n\\","textarea {\\n\\","    font-family: monospace;\\n\\","    height: 10rem;\\n\\","    width: 100%;\\n\\","}\\n\\","textarea[readonly] {\\n\\","    background: #ddd;\\n\\","}\\n\\","</style>\\n\\","</head>\\n\\","<body>\\n\\","<!-- utility2-comment\\n\\","<div id=\"ajaxProgressDiv1\" style=\"background: #d00; height: 2px; left: 0; margin: 0; padding: 0; position: fixed; top: 0; transition: background 0.5s, width 1.5s; width: 25%;\"></div>\\n\\","utility2-comment -->\\n\\","<h1>\\n\\","<!-- utility2-comment\\n\\","    <a\\n\\","        {{#if env.npm_package_homepage}}\\n\\","        href=\"{{env.npm_package_homepage}}\"\\n\\","        {{/if env.npm_package_homepage}}\\n\\","        target=\"_blank\"\\n\\","    >\\n\\","utility2-comment -->\\n\\","        {{env.npm_package_name}} (v{{env.npm_package_version}})\\n\\","<!-- utility2-comment\\n\\","    </a>\\n\\","utility2-comment -->\\n\\","</h1>\\n\\","<h3>{{env.npm_package_description}}</h3>\\n\\","<!-- utility2-comment\\n\\","<h4><a download href=\"assets.app.js\">download standalone app</a></h4>\\n\\","<button class=\"onclick onreset\" id=\"testRunButton1\">run internal test</button><br>\\n\\","<div id=\"testReportDiv1\" style=\"display: none;\"></div>\\n\\","utility2-comment -->\\n\\","\\n\\","\\n\\","\\n\\","<label>stderr and stdout</label>\\n\\","<textarea class=\"resettable\" id=\"outputTextareaStdout1\" readonly></textarea>\\n\\","<!-- utility2-comment\\n\\","{{#if isRollup}}\\n\\","<script src=\"assets.app.js\"></script>\\n\\","{{#unless isRollup}}\\n\\","utility2-comment -->\\n\\","<script src=\"assets.utility2.rollup.js\"></script>\\n\\","<script src=\"jsonp.utility2._stateInit?callback=window.utility2._stateInit\"></script>\\n\\","<script src=\"assets.npmtest_github_changes.rollup.js\"></script>\\n\\","<script src=\"assets.example.js\"></script>\\n\\","<script src=\"assets.test.js\"></script>\\n\\","<!-- utility2-comment\\n\\","{{/if isRollup}}\\n\\","utility2-comment -->\\n\\","<div class=\"utility2FooterDiv\">\\n\\","    [ this app was created with\\n\\","    <a href=\"https://github.com/kaizhu256/node-utility2\" target=\"_blank\">utility2</a>\\n\\","    ]\\n\\","</div>\\n\\","</body>\\n\\","</html>\\n\\","';","        /* jslint-ignore-end */","        if (local.templateRender) {","            local.assetsDict['/'] = local.templateRender(","                local.assetsDict['/assets.index.template.html'],","                {","                    env: local.objectSetDefault(local.env, {","                        npm_package_description: 'the greatest app in the world!',","                        npm_package_name: 'my-app',","                        npm_package_nameAlias: 'my_app',","                        npm_package_version: '0.0.1'","                    })","                }","            );","        } else {","            local.assetsDict['/'] = local.assetsDict['/assets.index.template.html']","                .replace((/\\{\\{env\\.(\\w+?)\\}\\}/g), function (match0, match1) {","                    // jslint-hack","                    String(match0);","                    switch (match1) {","                    case 'npm_package_description':","                        return 'the greatest app in the world!';","                    case 'npm_package_name':","                        return 'my-app';","                    case 'npm_package_nameAlias':","                        return 'my_app';","                    case 'npm_package_version':","                        return '0.0.1';","                    }","                });","        }","        // run the cli","        if (local.global.utility2_rollup || module !== require.main) {","            break;","        }","        local.assetsDict['/assets.example.js'] =","            local.assetsDict['/assets.example.js'] ||","            local.fs.readFileSync(__filename, 'utf8');","        // bug-workaround - long $npm_package_buildCustomOrg","        /* jslint-ignore-begin */","        local.assetsDict['/assets.npmtest_github_changes.rollup.js'] =","            local.assetsDict['/assets.npmtest_github_changes.rollup.js'] ||","            local.fs.readFileSync(","                local.npmtest_github_changes.__dirname + '/lib.npmtest_github_changes.js',","                'utf8'","            ).replace((/^#!/), '//');","        /* jslint-ignore-end */","        local.assetsDict['/favicon.ico'] = local.assetsDict['/favicon.ico'] || '';","        // if $npm_config_timeout_exit exists,","        // then exit this process after $npm_config_timeout_exit ms","        if (Number(process.env.npm_config_timeout_exit)) {","            setTimeout(process.exit, Number(process.env.npm_config_timeout_exit));","        }","        // start server","        if (local.global.utility2_serverHttp1) {","            break;","        }","        process.env.PORT = process.env.PORT || '8081';","        console.error('server starting on port ' + process.env.PORT);","        local.http.createServer(function (request, response) {","            request.urlParsed = local.url.parse(request.url);","            if (local.assetsDict[request.urlParsed.pathname] !== undefined) {","                response.end(local.assetsDict[request.urlParsed.pathname]);","                return;","            }","            response.statusCode = 404;","            response.end();","        }).listen(process.env.PORT);","        break;","    }","}());",""],"l":{"26":2,"28":2,"33":2,"35":2,"37":2,"38":2,"39":2,"44":1,"51":2,"55":2,"59":2,"61":2,"69":1,"70":2,"76":2,"79":2,"82":2,"83":2,"85":1,"89":2,"92":1,"93":1,"94":1,"96":1,"97":1,"100":1,"101":1,"103":1,"106":1,"108":2,"114":1,"116":1,"118":1,"123":1,"124":2,"125":2,"126":3,"127":3,"128":3,"129":3,"130":1,"133":3,"134":3,"139":3,"143":1,"144":3,"145":1,"149":1,"150":1,"158":1,"160":1,"161":1,"162":1,"164":1,"166":1,"258":1,"259":1,"271":1,"274":6,"275":6,"277":1,"279":2,"281":1,"283":2,"288":1,"289":1,"291":1,"296":1,"303":1,"306":1,"307":1,"310":1,"311":1,"313":1,"314":1,"315":1,"316":1,"317":1,"318":1,"319":1,"321":1,"322":1,"324":1}},"/home/travis/build/npmtest/node-npmtest-github-changes/node_modules/github-changes/bin/index.js":{"path":"/home/travis/build/npmtest/node-npmtest-github-changes/node_modules/github-changes/bin/index.js","s":{"1":1,"2":1,"3":1,"4":1,"5":1,"6":1,"7":1,"8":1,"9":1,"10":1,"11":1,"12":1,"13":1,"14":1,"15":1,"16":1,"17":1,"18":0,"19":1,"20":1,"21":1,"22":0,"23":1,"24":1,"25":1,"26":1,"27":1,"28":1,"29":1,"30":1,"31":1,"32":1,"33":1,"34":1,"35":1,"36":0,"37":0,"38":0,"39":0,"40":0,"41":0,"42":0,"43":0,"44":1,"45":0,"46":0,"47":0,"48":0,"49":0,"50":0,"51":0,"52":0,"53":0,"54":0,"55":0,"56":0,"57":0,"58":0,"59":0,"60":0,"61":0,"62":0,"63":0,"64":0,"65":0,"66":0,"67":0,"68":0,"69":0,"70":0,"71":0,"72":0,"73":0,"74":0,"75":0,"76":0,"77":1,"78":1,"79":1,"80":1,"81":1,"82":1,"83":0,"84":0,"85":0,"86":0,"87":0,"88":0,"89":0,"90":0,"91":1,"92":1,"93":1,"94":0,"95":1,"96":0,"97":0,"98":0,"99":0,"100":0,"101":0,"102":0,"103":0,"104":0,"105":0,"106":0,"107":0,"108":0,"109":1,"110":0,"111":0,"112":0,"113":0,"114":0,"115":0,"116":0,"117":0,"118":0,"119":0,"120":0,"121":0,"122":0,"123":0,"124":0,"125":0,"126":0,"127":0,"128":0,"129":0,"130":1,"131":0,"132":0,"133":0,"134":0,"135":0,"136":0,"137":0,"138":0,"139":0,"140":0,"141":0,"142":0,"143":0,"144":0,"145":0,"146":0,"147":0,"148":0,"149":0,"150":0,"151":0,"152":0,"153":0,"154":0,"155":1,"156":0,"157":0,"158":0,"159":0,"160":0,"161":0,"162":0,"163":0,"164":0,"165":0,"166":0,"167":0,"168":0,"169":0,"170":0,"171":0,"172":0,"173":0,"174":0,"175":0,"176":0,"177":0,"178":0,"179":0,"180":0,"181":0,"182":0,"183":0,"184":0,"185":0,"186":0,"187":0,"188":0,"189":0,"190":0,"191":0,"192":0,"193":0,"194":0,"195":0,"196":0,"197":0,"198":0,"199":0,"200":0,"201":0,"202":0,"203":0,"204":0,"205":0,"206":0,"207":0,"208":0,"209":0,"210":0,"211":0,"212":0,"213":0,"214":0,"215":0,"216":0,"217":0,"218":0,"219":0,"220":0,"221":0,"222":0,"223":0,"224":0,"225":0,"226":0,"227":0,"228":1,"229":0,"230":0,"231":0,"232":1,"233":1,"234":0,"235":1,"236":0,"237":1,"238":1,"239":1,"240":1,"241":0,"242":1,"243":1,"244":1,"245":1,"246":0,"247":1,"248":0,"249":0,"250":0,"251":0,"252":0,"253":0,"254":0,"255":0,"256":0,"257":0,"258":0,"259":0,"260":0,"261":0,"262":0,"263":0,"264":0,"265":0,"266":0,"267":0,"268":0,"269":0,"270":0,"271":0,"272":0,"273":0,"274":0,"275":0,"276":0,"277":1,"278":1,"279":1,"280":1,"281":0,"282":0,"283":0,"284":0,"285":0,"286":1,"287":1,"288":1,"289":1,"290":1},"b":{"1":[0,1],"2":[0,1],"3":[0,0],"4":[0,0],"5":[0,0],"6":[0,0],"7":[0,0],"8":[0,0],"9":[0,0],"10":[0,0],"11":[0,0],"12":[0,0],"13":[0,0],"14":[0,0],"15":[1,0],"16":[0,1],"17":[0,0],"18":[0,0],"19":[0,0],"20":[0,0],"21":[1,0],"22":[0,0],"23":[0,0],"24":[0,0],"25":[0,0],"26":[0,0],"27":[0,0],"28":[0,0],"29":[0,0],"30":[0,0],"31":[0,0,0],"32":[0,0,0],"33":[0,0],"34":[0,0],"35":[0,0],"36":[0,0],"37":[0,0],"38":[0,0],"39":[0,0,0],"40":[0,0],"41":[0,0],"42":[0,0],"43":[0,0],"44":[0,0],"45":[0,0],"46":[0,0],"47":[0,0],"48":[0,0],"49":[0,0],"50":[0,0],"51":[0,0],"52":[0,0,0],"53":[0,0],"54":[0,0],"55":[0,0],"56":[0,0],"57":[0,0],"58":[0,0,0],"59":[0,0],"60":[0,0],"61":[0,0],"62":[0,0],"63":[0,0],"64":[0,0],"65":[0,0],"66":[0,0],"67":[0,0],"68":[0,0],"69":[0,0],"70":[0,0],"71":[0,0],"72":[0,0],"73":[0,0],"74":[0,0],"75":[0,1],"76":[0,1],"77":[1,0],"78":[1,0],"79":[0,0],"80":[0,0],"81":[0,0],"82":[0,0],"83":[0,0],"84":[0,0],"85":[0,0],"86":[0,0],"87":[0,0],"88":[0,0],"89":[0,0],"90":[0,0]},"f":{"1":1,"2":0,"3":0,"4":0,"5":0,"6":0,"7":0,"8":0,"9":0,"10":0,"11":0,"12":0,"13":0,"14":1,"15":1,"16":0,"17":0,"18":1,"19":0,"20":0,"21":0,"22":0,"23":0,"24":0,"25":0,"26":0,"27":0,"28":0,"29":0,"30":0,"31":0,"32":0,"33":1,"34":1,"35":1,"36":1,"37":1,"38":0,"39":0,"40":0,"41":0,"42":0,"43":0,"44":0,"45":0,"46":1,"47":0,"48":1},"fnMap":{"1":{"name":"(anonymous_1)","line":182,"loc":{"start":{"line":182,"column":14},"end":{"line":182,"column":24}}},"2":{"name":"(anonymous_2)","line":189,"loc":{"start":{"line":189,"column":48},"end":{"line":189,"column":61}}},"3":{"name":"(anonymous_3)","line":195,"loc":{"start":{"line":195,"column":12},"end":{"line":195,"column":28}}},"4":{"name":"(anonymous_4)","line":209,"loc":{"start":{"line":209,"column":10},"end":{"line":209,"column":24}}},"5":{"name":"(anonymous_5)","line":214,"loc":{"start":{"line":214,"column":22},"end":{"line":214,"column":32}}},"6":{"name":"(anonymous_6)","line":226,"loc":{"start":{"line":226,"column":18},"end":{"line":226,"column":35}}},"7":{"name":"(anonymous_7)","line":228,"loc":{"start":{"line":228,"column":55},"end":{"line":228,"column":71}}},"8":{"name":"(anonymous_8)","line":235,"loc":{"start":{"line":235,"column":35},"end":{"line":235,"column":51}}},"9":{"name":"(anonymous_9)","line":246,"loc":{"start":{"line":246,"column":41},"end":{"line":246,"column":69}}},"10":{"name":"(anonymous_10)","line":251,"loc":{"start":{"line":251,"column":9},"end":{"line":251,"column":24}}},"11":{"name":"(anonymous_11)","line":259,"loc":{"start":{"line":259,"column":12},"end":{"line":259,"column":24}}},"12":{"name":"(anonymous_12)","line":264,"loc":{"start":{"line":264,"column":12},"end":{"line":264,"column":34}}},"13":{"name":"(anonymous_13)","line":268,"loc":{"start":{"line":268,"column":8},"end":{"line":268,"column":21}}},"14":{"name":"(anonymous_14)","line":273,"loc":{"start":{"line":273,"column":20},"end":{"line":273,"column":31}}},"15":{"name":"(anonymous_15)","line":276,"loc":{"start":{"line":276,"column":21},"end":{"line":276,"column":46}}},"16":{"name":"(anonymous_16)","line":286,"loc":{"start":{"line":286,"column":18},"end":{"line":286,"column":32}}},"17":{"name":"(anonymous_17)","line":292,"loc":{"start":{"line":292,"column":17},"end":{"line":292,"column":32}}},"18":{"name":"(anonymous_18)","line":300,"loc":{"start":{"line":300,"column":14},"end":{"line":300,"column":25}}},"19":{"name":"(anonymous_19)","line":305,"loc":{"start":{"line":305,"column":13},"end":{"line":305,"column":40}}},"20":{"name":"(anonymous_20)","line":320,"loc":{"start":{"line":320,"column":18},"end":{"line":320,"column":33}}},"21":{"name":"(anonymous_21)","line":323,"loc":{"start":{"line":323,"column":15},"end":{"line":323,"column":27}}},"22":{"name":"(anonymous_22)","line":347,"loc":{"start":{"line":347,"column":24},"end":{"line":347,"column":46}}},"23":{"name":"(anonymous_23)","line":361,"loc":{"start":{"line":361,"column":31},"end":{"line":361,"column":52}}},"24":{"name":"(anonymous_24)","line":364,"loc":{"start":{"line":364,"column":38},"end":{"line":364,"column":54}}},"25":{"name":"(anonymous_25)","line":373,"loc":{"start":{"line":373,"column":21},"end":{"line":373,"column":34}}},"26":{"name":"(anonymous_26)","line":381,"loc":{"start":{"line":381,"column":8},"end":{"line":381,"column":21}}},"27":{"name":"(anonymous_27)","line":386,"loc":{"start":{"line":386,"column":22},"end":{"line":386,"column":37}}},"28":{"name":"(anonymous_28)","line":389,"loc":{"start":{"line":389,"column":15},"end":{"line":389,"column":31}}},"29":{"name":"(anonymous_29)","line":438,"loc":{"start":{"line":438,"column":40},"end":{"line":438,"column":51}}},"30":{"name":"(anonymous_30)","line":472,"loc":{"start":{"line":472,"column":37},"end":{"line":472,"column":53}}},"31":{"name":"(anonymous_31)","line":483,"loc":{"start":{"line":483,"column":37},"end":{"line":483,"column":53}}},"32":{"name":"(anonymous_32)","line":494,"loc":{"start":{"line":494,"column":16},"end":{"line":494,"column":31}}},"33":{"name":"(anonymous_33)","line":499,"loc":{"start":{"line":499,"column":21},"end":{"line":499,"column":32}}},"34":{"name":"(anonymous_34)","line":505,"loc":{"start":{"line":505,"column":11},"end":{"line":505,"column":22}}},"35":{"name":"(anonymous_35)","line":510,"loc":{"start":{"line":510,"column":11},"end":{"line":510,"column":22}}},"36":{"name":"(anonymous_36)","line":512,"loc":{"start":{"line":512,"column":10},"end":{"line":512,"column":28}}},"37":{"name":"(anonymous_37)","line":516,"loc":{"start":{"line":516,"column":10},"end":{"line":516,"column":20}}},"38":{"name":"(anonymous_38)","line":519,"loc":{"start":{"line":519,"column":12},"end":{"line":519,"column":32}}},"39":{"name":"(anonymous_39)","line":523,"loc":{"start":{"line":523,"column":9},"end":{"line":523,"column":23}}},"40":{"name":"(anonymous_40)","line":528,"loc":{"start":{"line":528,"column":10},"end":{"line":528,"column":24}}},"41":{"name":"(anonymous_41)","line":534,"loc":{"start":{"line":534,"column":25},"end":{"line":534,"column":38}}},"42":{"name":"(anonymous_42)","line":540,"loc":{"start":{"line":540,"column":25},"end":{"line":540,"column":38}}},"43":{"name":"(anonymous_43)","line":548,"loc":{"start":{"line":548,"column":23},"end":{"line":548,"column":36}}},"44":{"name":"(anonymous_44)","line":558,"loc":{"start":{"line":558,"column":10},"end":{"line":558,"column":24}}},"45":{"name":"(anonymous_45)","line":561,"loc":{"start":{"line":561,"column":10},"end":{"line":561,"column":20}}},"46":{"name":"(anonymous_46)","line":564,"loc":{"start":{"line":564,"column":11},"end":{"line":564,"column":26}}},"47":{"name":"(anonymous_47)","line":572,"loc":{"start":{"line":572,"column":11},"end":{"line":572,"column":28}}},"48":{"name":"(anonymous_48)","line":579,"loc":{"start":{"line":579,"column":13},"end":{"line":579,"column":25}}}},"statementMap":{"1":{"start":{"line":3,"column":0},"end":{"line":3,"column":23}},"2":{"start":{"line":4,"column":0},"end":{"line":4,"column":26}},"3":{"start":{"line":5,"column":0},"end":{"line":5,"column":27}},"4":{"start":{"line":6,"column":0},"end":{"line":6,"column":29}},"5":{"start":{"line":7,"column":0},"end":{"line":7,"column":31}},"6":{"start":{"line":8,"column":0},"end":{"line":8,"column":40}},"7":{"start":{"line":9,"column":0},"end":{"line":9,"column":31}},"8":{"start":{"line":10,"column":0},"end":{"line":10,"column":31}},"9":{"start":{"line":11,"column":0},"end":{"line":11,"column":34}},"10":{"start":{"line":12,"column":0},"end":{"line":12,"column":34}},"11":{"start":{"line":13,"column":0},"end":{"line":13,"column":46}},"12":{"start":{"line":14,"column":0},"end":{"line":14,"column":50}},"13":{"start":{"line":15,"column":0},"end":{"line":15,"column":51}},"14":{"start":{"line":18,"column":0},"end":{"line":18,"column":33}},"15":{"start":{"line":19,"column":0},"end":{"line":19,"column":34}},"16":{"start":{"line":30,"column":0},"end":{"line":145,"column":1}},"17":{"start":{"line":147,"column":0},"end":{"line":147,"column":43}},"18":{"start":{"line":147,"column":24},"end":{"line":147,"column":43}},"19":{"start":{"line":149,"column":0},"end":{"line":149,"column":31}},"20":{"start":{"line":150,"column":0},"end":{"line":150,"column":28}},"21":{"start":{"line":151,"column":0},"end":{"line":151,"column":79}},"22":{"start":{"line":151,"column":26},"end":{"line":151,"column":79}},"23":{"start":{"line":153,"column":0},"end":{"line":153,"column":29}},"24":{"start":{"line":155,"column":0},"end":{"line":155,"column":22}},"25":{"start":{"line":156,"column":0},"end":{"line":156,"column":27}},"26":{"start":{"line":158,"column":0},"end":{"line":164,"column":3}},"27":{"start":{"line":167,"column":0},"end":{"line":167,"column":17}},"28":{"start":{"line":170,"column":0},"end":{"line":173,"column":2}},"29":{"start":{"line":175,"column":0},"end":{"line":175,"column":35}},"30":{"start":{"line":176,"column":0},"end":{"line":176,"column":36}},"31":{"start":{"line":177,"column":0},"end":{"line":177,"column":42}},"32":{"start":{"line":182,"column":0},"end":{"line":212,"column":2}},"33":{"start":{"line":183,"column":2},"end":{"line":187,"column":4}},"34":{"start":{"line":188,"column":2},"end":{"line":188,"column":9}},"35":{"start":{"line":189,"column":2},"end":{"line":211,"column":5}},"36":{"start":{"line":190,"column":4},"end":{"line":190,"column":11}},"37":{"start":{"line":191,"column":4},"end":{"line":208,"column":7}},"38":{"start":{"line":196,"column":6},"end":{"line":196,"column":77}},"39":{"start":{"line":197,"column":6},"end":{"line":200,"column":8}},"40":{"start":{"line":203,"column":6},"end":{"line":205,"column":7}},"41":{"start":{"line":204,"column":8},"end":{"line":204,"column":62}},"42":{"start":{"line":207,"column":6},"end":{"line":207,"column":17}},"43":{"start":{"line":210,"column":4},"end":{"line":210,"column":16}},"44":{"start":{"line":214,"column":0},"end":{"line":271,"column":2}},"45":{"start":{"line":215,"column":2},"end":{"line":224,"column":4}},"46":{"start":{"line":226,"column":2},"end":{"line":233,"column":4}},"47":{"start":{"line":227,"column":4},"end":{"line":227,"column":11}},"48":{"start":{"line":228,"column":4},"end":{"line":232,"column":7}},"49":{"start":{"line":229,"column":6},"end":{"line":229,"column":69}},"50":{"start":{"line":230,"column":6},"end":{"line":230,"column":66}},"51":{"start":{"line":231,"column":6},"end":{"line":231,"column":20}},"52":{"start":{"line":235,"column":2},"end":{"line":270,"column":5}},"53":{"start":{"line":236,"column":4},"end":{"line":236,"column":49}},"54":{"start":{"line":237,"column":4},"end":{"line":237,"column":80}},"55":{"start":{"line":239,"column":4},"end":{"line":249,"column":5}},"56":{"start":{"line":240,"column":6},"end":{"line":240,"column":23}},"57":{"start":{"line":241,"column":6},"end":{"line":245,"column":7}},"58":{"start":{"line":242,"column":8},"end":{"line":242,"column":50}},"59":{"start":{"line":243,"column":8},"end":{"line":243,"column":29}},"60":{"start":{"line":244,"column":8},"end":{"line":244,"column":44}},"61":{"start":{"line":246,"column":6},"end":{"line":248,"column":17}},"62":{"start":{"line":247,"column":8},"end":{"line":247,"column":41}},"63":{"start":{"line":250,"column":4},"end":{"line":250,"column":18}},"64":{"start":{"line":252,"column":4},"end":{"line":252,"column":45}},"65":{"start":{"line":252,"column":38},"end":{"line":252,"column":45}},"66":{"start":{"line":254,"column":4},"end":{"line":254,"column":11}},"67":{"start":{"line":255,"column":4},"end":{"line":263,"column":7}},"68":{"start":{"line":260,"column":6},"end":{"line":260,"column":46}},"69":{"start":{"line":260,"column":39},"end":{"line":260,"column":46}},"70":{"start":{"line":261,"column":6},"end":{"line":261,"column":32}},"71":{"start":{"line":261,"column":25},"end":{"line":261,"column":32}},"72":{"start":{"line":262,"column":6},"end":{"line":262,"column":16}},"73":{"start":{"line":265,"column":4},"end":{"line":265,"column":30}},"74":{"start":{"line":265,"column":12},"end":{"line":265,"column":30}},"75":{"start":{"line":266,"column":4},"end":{"line":266,"column":20}},"76":{"start":{"line":269,"column":4},"end":{"line":269,"column":15}},"77":{"start":{"line":273,"column":0},"end":{"line":298,"column":2}},"78":{"start":{"line":274,"column":2},"end":{"line":274,"column":19}},"79":{"start":{"line":275,"column":2},"end":{"line":275,"column":50}},"80":{"start":{"line":276,"column":2},"end":{"line":297,"column":5}},"81":{"start":{"line":277,"column":4},"end":{"line":277,"column":21}},"82":{"start":{"line":278,"column":4},"end":{"line":296,"column":7}},"83":{"start":{"line":287,"column":6},"end":{"line":289,"column":7}},"84":{"start":{"line":288,"column":8},"end":{"line":288,"column":67}},"85":{"start":{"line":290,"column":6},"end":{"line":290,"column":36}},"86":{"start":{"line":291,"column":6},"end":{"line":291,"column":37}},"87":{"start":{"line":293,"column":6},"end":{"line":293,"column":38}},"88":{"start":{"line":293,"column":17},"end":{"line":293,"column":38}},"89":{"start":{"line":294,"column":6},"end":{"line":294,"column":57}},"90":{"start":{"line":295,"column":6},"end":{"line":295,"column":30}},"91":{"start":{"line":300,"column":0},"end":{"line":303,"column":2}},"92":{"start":{"line":301,"column":2},"end":{"line":301,"column":54}},"93":{"start":{"line":301,"column":31},"end":{"line":301,"column":54}},"94":{"start":{"line":302,"column":2},"end":{"line":302,"column":27}},"95":{"start":{"line":305,"column":0},"end":{"line":318,"column":2}},"96":{"start":{"line":306,"column":2},"end":{"line":306,"column":18}},"97":{"start":{"line":307,"column":2},"end":{"line":308,"column":37}},"98":{"start":{"line":307,"column":31},"end":{"line":307,"column":73}},"99":{"start":{"line":308,"column":7},"end":{"line":308,"column":37}},"100":{"start":{"line":310,"column":2},"end":{"line":310,"column":21}},"101":{"start":{"line":311,"column":2},"end":{"line":315,"column":3}},"102":{"start":{"line":312,"column":4},"end":{"line":312,"column":28}},"103":{"start":{"line":313,"column":4},"end":{"line":313,"column":31}},"104":{"start":{"line":313,"column":25},"end":{"line":313,"column":31}},"105":{"start":{"line":314,"column":4},"end":{"line":314,"column":18}},"106":{"start":{"line":316,"column":2},"end":{"line":316,"column":70}},"107":{"start":{"line":316,"column":16},"end":{"line":316,"column":70}},"108":{"start":{"line":317,"column":2},"end":{"line":317,"column":17}},"109":{"start":{"line":320,"column":0},"end":{"line":345,"column":2}},"110":{"start":{"line":321,"column":2},"end":{"line":321,"column":26}},"111":{"start":{"line":322,"column":2},"end":{"line":322,"column":41}},"112":{"start":{"line":323,"column":2},"end":{"line":343,"column":5}},"113":{"start":{"line":324,"column":4},"end":{"line":335,"column":5}},"114":{"start":{"line":325,"column":6},"end":{"line":334,"column":7}},"115":{"start":{"line":326,"column":8},"end":{"line":326,"column":42}},"116":{"start":{"line":327,"column":8},"end":{"line":327,"column":45}},"117":{"start":{"line":328,"column":8},"end":{"line":328,"column":22}},"118":{"start":{"line":329,"column":13},"end":{"line":334,"column":7}},"119":{"start":{"line":330,"column":8},"end":{"line":330,"column":37}},"120":{"start":{"line":331,"column":8},"end":{"line":331,"column":39}},"121":{"start":{"line":332,"column":8},"end":{"line":332,"column":85}},"122":{"start":{"line":333,"column":8},"end":{"line":333,"column":22}},"123":{"start":{"line":337,"column":4},"end":{"line":337,"column":71}},"124":{"start":{"line":338,"column":4},"end":{"line":338,"column":72}},"125":{"start":{"line":338,"column":34},"end":{"line":338,"column":72}},"126":{"start":{"line":339,"column":4},"end":{"line":339,"column":130}},"127":{"start":{"line":339,"column":57},"end":{"line":339,"column":130}},"128":{"start":{"line":342,"column":4},"end":{"line":342,"column":19}},"129":{"start":{"line":344,"column":2},"end":{"line":344,"column":23}},"130":{"start":{"line":347,"column":0},"end":{"line":384,"column":2}},"131":{"start":{"line":349,"column":2},"end":{"line":349,"column":29}},"132":{"start":{"line":352,"column":2},"end":{"line":352,"column":18}},"133":{"start":{"line":353,"column":2},"end":{"line":353,"column":18}},"134":{"start":{"line":355,"column":2},"end":{"line":355,"column":34}},"135":{"start":{"line":356,"column":2},"end":{"line":359,"column":3}},"136":{"start":{"line":357,"column":4},"end":{"line":357,"column":59}},"137":{"start":{"line":358,"column":4},"end":{"line":358,"column":63}},"138":{"start":{"line":361,"column":2},"end":{"line":369,"column":4}},"139":{"start":{"line":362,"column":4},"end":{"line":362,"column":35}},"140":{"start":{"line":362,"column":28},"end":{"line":362,"column":35}},"141":{"start":{"line":363,"column":4},"end":{"line":363,"column":20}},"142":{"start":{"line":364,"column":4},"end":{"line":368,"column":6}},"143":{"start":{"line":365,"column":6},"end":{"line":365,"column":48}},"144":{"start":{"line":365,"column":41},"end":{"line":365,"column":48}},"145":{"start":{"line":366,"column":6},"end":{"line":366,"column":36}},"146":{"start":{"line":366,"column":29},"end":{"line":366,"column":36}},"147":{"start":{"line":367,"column":6},"end":{"line":367,"column":55}},"148":{"start":{"line":371,"column":2},"end":{"line":371,"column":55}},"149":{"start":{"line":372,"column":2},"end":{"line":372,"column":34}},"150":{"start":{"line":373,"column":2},"end":{"line":375,"column":5}},"151":{"start":{"line":374,"column":4},"end":{"line":374,"column":47}},"152":{"start":{"line":376,"column":2},"end":{"line":376,"column":41}},"153":{"start":{"line":378,"column":2},"end":{"line":383,"column":5}},"154":{"start":{"line":382,"column":4},"end":{"line":382,"column":29}},"155":{"start":{"line":386,"column":0},"end":{"line":492,"column":2}},"156":{"start":{"line":387,"column":2},"end":{"line":387,"column":26}},"157":{"start":{"line":388,"column":2},"end":{"line":388,"column":41}},"158":{"start":{"line":389,"column":2},"end":{"line":490,"column":5}},"159":{"start":{"line":390,"column":4},"end":{"line":390,"column":73}},"160":{"start":{"line":390,"column":66},"end":{"line":390,"column":73}},"161":{"start":{"line":391,"column":4},"end":{"line":391,"column":90}},"162":{"start":{"line":391,"column":83},"end":{"line":391,"column":90}},"163":{"start":{"line":392,"column":4},"end":{"line":392,"column":53}},"164":{"start":{"line":392,"column":46},"end":{"line":392,"column":53}},"165":{"start":{"line":394,"column":4},"end":{"line":394,"column":46}},"166":{"start":{"line":395,"column":4},"end":{"line":395,"column":81}},"167":{"start":{"line":396,"column":4},"end":{"line":396,"column":33}},"168":{"start":{"line":399,"column":4},"end":{"line":405,"column":5}},"169":{"start":{"line":400,"column":6},"end":{"line":400,"column":58}},"170":{"start":{"line":401,"column":6},"end":{"line":404,"column":7}},"171":{"start":{"line":402,"column":8},"end":{"line":402,"column":23}},"172":{"start":{"line":403,"column":8},"end":{"line":403,"column":32}},"173":{"start":{"line":408,"column":4},"end":{"line":408,"column":54}},"174":{"start":{"line":408,"column":44},"end":{"line":408,"column":54}},"175":{"start":{"line":409,"column":4},"end":{"line":409,"column":70}},"176":{"start":{"line":409,"column":60},"end":{"line":409,"column":70}},"177":{"start":{"line":410,"column":4},"end":{"line":410,"column":51}},"178":{"start":{"line":410,"column":41},"end":{"line":410,"column":51}},"179":{"start":{"line":413,"column":4},"end":{"line":413,"column":53}},"180":{"start":{"line":414,"column":4},"end":{"line":414,"column":42}},"181":{"start":{"line":416,"column":4},"end":{"line":418,"column":5}},"182":{"start":{"line":417,"column":6},"end":{"line":417,"column":53}},"183":{"start":{"line":420,"column":4},"end":{"line":431,"column":5}},"184":{"start":{"line":421,"column":6},"end":{"line":430,"column":7}},"185":{"start":{"line":422,"column":8},"end":{"line":422,"column":42}},"186":{"start":{"line":423,"column":8},"end":{"line":423,"column":45}},"187":{"start":{"line":424,"column":8},"end":{"line":424,"column":22}},"188":{"start":{"line":425,"column":13},"end":{"line":430,"column":7}},"189":{"start":{"line":426,"column":8},"end":{"line":426,"column":41}},"190":{"start":{"line":427,"column":8},"end":{"line":427,"column":43}},"191":{"start":{"line":428,"column":8},"end":{"line":428,"column":89}},"192":{"start":{"line":429,"column":8},"end":{"line":429,"column":22}},"193":{"start":{"line":436,"column":4},"end":{"line":436,"column":21}},"194":{"start":{"line":437,"column":4},"end":{"line":449,"column":5}},"195":{"start":{"line":438,"column":6},"end":{"line":448,"column":9}},"196":{"start":{"line":443,"column":8},"end":{"line":443,"column":41}},"197":{"start":{"line":443,"column":34},"end":{"line":443,"column":41}},"198":{"start":{"line":445,"column":8},"end":{"line":447,"column":9}},"199":{"start":{"line":446,"column":10},"end":{"line":446,"column":41}},"200":{"start":{"line":450,"column":4},"end":{"line":450,"column":35}},"201":{"start":{"line":453,"column":4},"end":{"line":486,"column":5}},"202":{"start":{"line":454,"column":6},"end":{"line":454,"column":26}},"203":{"start":{"line":455,"column":6},"end":{"line":455,"column":24}},"204":{"start":{"line":456,"column":6},"end":{"line":456,"column":73}},"205":{"start":{"line":458,"column":6},"end":{"line":464,"column":7}},"206":{"start":{"line":459,"column":8},"end":{"line":459,"column":85}},"207":{"start":{"line":460,"column":8},"end":{"line":460,"column":56}},"208":{"start":{"line":462,"column":8},"end":{"line":462,"column":69}},"209":{"start":{"line":463,"column":8},"end":{"line":463,"column":85}},"210":{"start":{"line":467,"column":6},"end":{"line":467,"column":77}},"211":{"start":{"line":468,"column":6},"end":{"line":468,"column":85}},"212":{"start":{"line":469,"column":6},"end":{"line":469,"column":64}},"213":{"start":{"line":471,"column":6},"end":{"line":477,"column":7}},"214":{"start":{"line":472,"column":8},"end":{"line":472,"column":93}},"215":{"start":{"line":472,"column":54},"end":{"line":472,"column":73}},"216":{"start":{"line":473,"column":13},"end":{"line":477,"column":7}},"217":{"start":{"line":474,"column":8},"end":{"line":474,"column":39}},"218":{"start":{"line":475,"column":13},"end":{"line":477,"column":7}},"219":{"start":{"line":476,"column":8},"end":{"line":476,"column":42}},"220":{"start":{"line":480,"column":6},"end":{"line":480,"column":90}},"221":{"start":{"line":482,"column":6},"end":{"line":485,"column":52}},"222":{"start":{"line":483,"column":8},"end":{"line":483,"column":93}},"223":{"start":{"line":483,"column":54},"end":{"line":483,"column":73}},"224":{"start":{"line":484,"column":11},"end":{"line":485,"column":52}},"225":{"start":{"line":485,"column":8},"end":{"line":485,"column":52}},"226":{"start":{"line":489,"column":4},"end":{"line":489,"column":19}},"227":{"start":{"line":491,"column":2},"end":{"line":491,"column":23}},"228":{"start":{"line":494,"column":0},"end":{"line":497,"column":2}},"229":{"start":{"line":495,"column":2},"end":{"line":495,"column":60}},"230":{"start":{"line":495,"column":31},"end":{"line":495,"column":60}},"231":{"start":{"line":496,"column":2},"end":{"line":496,"column":27}},"232":{"start":{"line":499,"column":0},"end":{"line":503,"column":2}},"233":{"start":{"line":500,"column":2},"end":{"line":500,"column":62}},"234":{"start":{"line":500,"column":18},"end":{"line":500,"column":62}},"235":{"start":{"line":501,"column":2},"end":{"line":501,"column":44}},"236":{"start":{"line":501,"column":17},"end":{"line":501,"column":44}},"237":{"start":{"line":502,"column":2},"end":{"line":502,"column":29}},"238":{"start":{"line":505,"column":0},"end":{"line":508,"column":2}},"239":{"start":{"line":506,"column":2},"end":{"line":506,"column":21}},"240":{"start":{"line":506,"column":14},"end":{"line":506,"column":21}},"241":{"start":{"line":507,"column":2},"end":{"line":507,"column":53}},"242":{"start":{"line":510,"column":0},"end":{"line":570,"column":2}},"243":{"start":{"line":511,"column":2},"end":{"line":569,"column":3}},"244":{"start":{"line":513,"column":6},"end":{"line":513,"column":34}},"245":{"start":{"line":513,"column":27},"end":{"line":513,"column":34}},"246":{"start":{"line":514,"column":6},"end":{"line":514,"column":29}},"247":{"start":{"line":517,"column":6},"end":{"line":517,"column":48}},"248":{"start":{"line":520,"column":6},"end":{"line":520,"column":49}},"249":{"start":{"line":521,"column":6},"end":{"line":521,"column":18}},"250":{"start":{"line":524,"column":6},"end":{"line":524,"column":39}},"251":{"start":{"line":525,"column":6},"end":{"line":525,"column":35}},"252":{"start":{"line":526,"column":6},"end":{"line":526,"column":18}},"253":{"start":{"line":530,"column":6},"end":{"line":530,"column":59}},"254":{"start":{"line":533,"column":6},"end":{"line":545,"column":7}},"255":{"start":{"line":534,"column":8},"end":{"line":537,"column":21}},"256":{"start":{"line":535,"column":10},"end":{"line":535,"column":51}},"257":{"start":{"line":536,"column":10},"end":{"line":536,"column":127}},"258":{"start":{"line":538,"column":8},"end":{"line":538,"column":20}},"259":{"start":{"line":539,"column":13},"end":{"line":545,"column":7}},"260":{"start":{"line":540,"column":8},"end":{"line":543,"column":21}},"261":{"start":{"line":541,"column":10},"end":{"line":541,"column":51}},"262":{"start":{"line":542,"column":10},"end":{"line":542,"column":103}},"263":{"start":{"line":544,"column":8},"end":{"line":544,"column":20}},"264":{"start":{"line":548,"column":6},"end":{"line":555,"column":19}},"265":{"start":{"line":549,"column":8},"end":{"line":549,"column":27}},"266":{"start":{"line":550,"column":8},"end":{"line":553,"column":65}},"267":{"start":{"line":550,"column":39},"end":{"line":550,"column":54}},"268":{"start":{"line":551,"column":13},"end":{"line":553,"column":65}},"269":{"start":{"line":551,"column":50},"end":{"line":551,"column":65}},"270":{"start":{"line":552,"column":13},"end":{"line":553,"column":65}},"271":{"start":{"line":552,"column":50},"end":{"line":552,"column":64}},"272":{"start":{"line":553,"column":13},"end":{"line":553,"column":65}},"273":{"start":{"line":554,"column":8},"end":{"line":554,"column":125}},"274":{"start":{"line":556,"column":6},"end":{"line":556,"column":18}},"275":{"start":{"line":559,"column":6},"end":{"line":559,"column":51}},"276":{"start":{"line":562,"column":6},"end":{"line":562,"column":22}},"277":{"start":{"line":565,"column":6},"end":{"line":565,"column":36}},"278":{"start":{"line":566,"column":6},"end":{"line":566,"column":42}},"279":{"start":{"line":567,"column":6},"end":{"line":567,"column":22}},"280":{"start":{"line":572,"column":0},"end":{"line":577,"column":2}},"281":{"start":{"line":573,"column":2},"end":{"line":573,"column":30}},"282":{"start":{"line":573,"column":14},"end":{"line":573,"column":30}},"283":{"start":{"line":574,"column":2},"end":{"line":574,"column":21}},"284":{"start":{"line":575,"column":2},"end":{"line":575,"column":27}},"285":{"start":{"line":576,"column":2},"end":{"line":576,"column":18}},"286":{"start":{"line":579,"column":0},"end":{"line":583,"column":2}},"287":{"start":{"line":580,"column":2},"end":{"line":580,"column":26}},"288":{"start":{"line":581,"column":2},"end":{"line":581,"column":22}},"289":{"start":{"line":582,"column":2},"end":{"line":582,"column":14}},"290":{"start":{"line":585,"column":0},"end":{"line":585,"column":9}}},"branchMap":{"1":{"line":147,"type":"if","locations":[{"start":{"line":147,"column":0},"end":{"line":147,"column":0}},{"start":{"line":147,"column":0},"end":{"line":147,"column":0}}]},"2":{"line":
[...]
ven better yet. I might just be able to do this with git log.","// tags: git log --tags --simplify-by-decoration --format=\"%ci%n%d\"","// prs: git log --grep=\"Merge pull request #\" --format=\"%s%n%ci%n%b\"","","","// parse cli options","opts = parser","  .scriptName('github-changes')","  .option('owner', {","    abbr: 'o'","  , help: '(required) owner of the Github repository'","  , required: true","  })","  .option('repository', {","    abbr: 'r'","  , help: '(required) name of the Github repository'","  , required: true","  })","  .option('data', {","    abbr: 'd'","  , help: '(DEPRECATED) use pull requests or commits (choices: pulls, commits)'","  , choices: ['pulls', 'commits']","  , default: 'commits'","  })","  .option('branch', {","    abbr: 'b'","  , help: 'name of the default branch'","  , default: 'master'","  })","  .option('tag-name', {","    abbr: 'n'","  , help: 'tag name for upcoming release'","  , default: 'upcoming'","  })","  .option('auth', {","    abbr: 'a'","  , help: 'prompt to auth with Github - use this for private repos and higher rate limits'","  , flag: true","  })","  .option('token', {","    abbr: 'k'","  , help: 'need to use this or --auth for private repos and higher rate limits'","  })","  .option('file', {","    abbr: 'f'","  , help: 'name of the file to output the changelog to'","  , default: 'CHANGELOG.md'","  })","  .option('title', {","    abbr: 't'","  , help: 'title to appear in the top of the changelog'","  , default: 'Change Log'","  })","  .option('time-zone', {","    abbr: 'z'","  , help: 'time zone'","  , default: 'UTC'","  })","  .option('date-format', {","    abbr: 'm'","  , help: 'date format'","  , default: '(YYYY/MM/DD HH:mm Z)'","  })","  .option('verbose', {","    abbr: 'v'","  , help: 'output details'","  , flag: true","  })","  .option('host', {","    help: 'alternate host name to use with github enterprise'","  , default: 'api.github.com'","  })","  .option('path-prefix', {","    help: 'path-prefix for use with github enterprise'","  , default: null","  })","  .option('between-tags', {","    help: 'only diff between these two tags, separate by 3 dots ...'","  })","  .option('for-tag', {","    help: 'only get changes for this tag'","  })","  .option('issue-body', {","    help: '(DEPRECATED) include the body of the issue (--data MUST equal \\'pulls\\')'","  , flag: true","  })","  .option('no-merges', {","    help: 'do not include merges'","  , flag: true","  })","  .option('only-merges', {","    help: 'only include merges'","  , flag: true","  })","  .option('only-pulls', {","    help: 'only include pull requests'","  , flag: true","  })","  .option('use-commit-body', {","    help: 'use the commit body of a merge instead of the message - \"Merge branch...\"'","  , flag: true","  })","  .option('order-semver', {","    help: 'use semantic versioning for the ordering instead of the tag date'","  , flag: true","  })","  .option('reverse-changes', {","    help: 'reverse the order of changes within a release (show oldest first)'","  , flag: true","  })","  .option('hide-tag-names', {","    help: 'hide tag names in changelog'","  , flag: true","  })","","  // TODO","  // .option('template', {","  //   abbr: 't'","  // , help: '(optional) template to use to generate the changelog'","  // })","  .parse()",";","","if (opts['only-pulls']) opts.merges = true;","","var betweenTags = [null, null];","var betweenTagsNames = null;","if (opts['between-tags']) betweenTagsNames = opts['between-tags'].split('...');","","var forTag = opts['for-tag'];","","var commitsBySha = {}; // populated when calling getAllCommits","var currentDate = moment();","","var github = new GithubApi({","  version: '3.0.0'",", timeout: 10000",", protocol: 'https'",", pathPrefix: opts['path-prefix']",", host: opts.host","});","","// github auth token","var token = null;","","// ~/.config/changelog.json will store the token","var authOptions = {","  configName : 'changelog'",", scopes     : ['user', 'public_repo', 'repo']","};","","Promise.promisifyAll(github.repos);","Promise.promisifyAll(github.issues);","Promise.promisifyAll(github.pullRequests);","","// TODO: Could probably fetch releases so we don't have to get the commit data","// for the sha of each tag to figure out the date. Could save alot on api","// calls.","var getTags = function(){","  var tagOpts = {","    user: opts.owner","  , repo: opts.repository","  , per_page: 100","  };","  auth();","  return github.repos.getTagsAsync(tagOpts).map(function(ref){","    auth();","    return github.repos.getCommitAsync({","      user: tagOpts.user","    , repo: tagOpts.repo","    , sha: ref.commit.sha","    }).then(function(commit){","      opts.verbose && console.log('pulled commit data for tag - ', ref.name);","      var tag = {","        name: ref.name","      , date: moment(commit.commit.committer.date)","      };","","      // if betweenTags is specified then","      if (betweenTagsNames && (betweenTagsNames.indexOf(tag.name)>-1)) {","        betweenTags[betweenTagsNames.indexOf(tag.name)] = tag;","      }","","      return tag;","    });","  }).then(function(tags){","    return tags;","  });","};","","var getPullRequests = function(){","  var issueOpts = {","    user: opts.owner","  , repo: opts.repository","  , state: 'closed'","  , sort: 'updated'","  , direction: 'desc'","  , per_page: 100","  , page: 1","  // , since: null // TODO: this is an improvement to save API calls","  };","","  var getIssues = function(options){","    auth();","    return github.issues.repoIssuesAsync(options).then(function(issues){","      opts.verbose && console.log('issues pulled - ', issues.length);","      opts.verbose && console.log('issues page - ', options.page);","      return issues;","    });","  };","","  return getIssues(issueOpts).then(function(issues){","    var linkHeader = linkParser(issues.meta.link)","    var totalPages = (linkHeader && linkHeader.last) ? linkHeader.last.page : 1;","","    if (totalPages > issueOpts.page) {","      var allReqs = [];","      for(var i=issueOpts.page; i<totalPages; i++){","        var newOptions = _.clone(issueOpts, true);","        newOptions.page += i;","        allReqs.push(getIssues(newOptions));","      }","      return Promise.all(allReqs).reduce(function(issues, moreIssues){","        return issues.concat(moreIssues);","      }, issues);","    }","    return issues;","  }).map(function(issue){","    if (!issue.pull_request.html_url) return;","","    auth();","    return github.pullRequests.getAsync({","      user: issueOpts.user","    , repo: issueOpts.repo","    , number: issue.number","    }).then(function(pr){","      if (pr.base.ref !== opts.branch) return;","      if (!pr.merged_at) return;","      return pr;","    });","  }).reduce(function(scrubbed, pr){","    if (pr) scrubbed.push(pr);","    return scrubbed;","  }, [])","  .then(function(prs){","    return prs;","  });","};","","var getAllCommits = function() {","  var progress = 0;","  opts.verbose && console.log('fetching commits');","  return new Promise(function(resolve, reject){","    var commits = [];","    commitStream({","      token: token","    , host: opts.host","    , pathPrefix: (opts['path-prefix'] == '') ? '' : opts['path-prefix']","    , user: opts.owner","    , repo: opts.repository","    , sha: opts.branch","    , per_page: 100","    }).on('data', function(data){","      if (++progress % 100 == 0) {","        opts.verbose && console.log('fetched %d commits', progress)","      }","      commitsBySha[data.sha] = data;","      commits = commits.concat(data);","    }).on('end', function(error){","      if (error) return reject(error);","      opts.verbose && console.log('fetched all commits');","      return resolve(commits);","    });","  });","};","","var getData = function() {","  if (opts.data === 'commits') return getAllCommits();","  return getPullRequests();","};","","var tagger = function(sortedTags, data) {","  var date = null;","  if (opts.data === 'commits') date = moment(data.commit.committer.date);","  else date = moment(data.merged_at);","","  var current = null;","  for (var i=0, len=sortedTags.length; i < len; i++) {","    var tag = sortedTags[i];","    if (tag.date < date) break;","    current = tag;","  }","  if (!current) current = {name: opts['tag-name'], date: currentDate};","  return current;","};","","var prFormatter = function(data) {","  var currentTagName = '';","  var output = \"## \" + opts.title + \"\\n\";","  data.forEach(function(pr){","    if (!opts['hide-tag-names']) {","      if (pr.tag === null) {","        currentTagName = opts['tag-name'];","        output+= \"\\n### \" + opts['tag-name'];","        output+= \"\\n\";","      } else if (pr.tag.name != currentTagName) {","        currentTagName = pr.tag.name;","        output+= \"\\n### \" + pr.tag.name","        output+= \" \" + pr.tag.date.tz(opts['time-zone']).format(opts['date-format']);","        output+= \"\\n\";","      }","    }","","    output += \"- [#\" + pr.number + \"](\" + pr.html_url + \") \" + pr.title","    if (pr.user && pr.user.login) output += \" (@\" + pr.user.login + \")\";","    if (opts['issue-body'] && pr.body && pr.body.trim()) output += \"\\n\\n    >\" + pr.body.trim().replace(/\\n/ig, \"\\n    > \") +\"\\n\";","","    // output += \" \" + moment(pr.merged_at).utc().format(opts['date-format']);","    output += \"\\n\";","  });","  return output.trim();","};","","var getCommitsInMerge = function(mergeCommit) {","  // direct descendents of the mergeCommit","  var directDescendents = {};","","  // store reachable commits","  var store1 = {};","  var store2 = {};","","  var currentCommit = mergeCommit;","  while (currentCommit && currentCommit.parents && currentCommit.parents.length > 0) {","    directDescendents[currentCommit.parents[0].sha] = true;","    currentCommit = commitsBySha[currentCommit.parents[0].sha];","  }","","  var getAllReachableCommits = function(sha, store) {","    if (!commitsBySha[sha]) return;","    store[sha]=true;","    commitsBySha[sha].parents.forEach(function(parent){","      if (directDescendents[parent.sha]) return;","      if (store[parent.sha]) return; // don't revist commits we've explored","      return getAllReachableCommits(parent.sha, store);","    })","  };","","  var parentShas = _.pluck(mergeCommit.parents, 'sha');","  var notSha = parentShas.shift(); // value to pass to --not flag in git log","  parentShas.forEach(function(sha){","    return getAllReachableCommits(sha, store1);","  });","  getAllReachableCommits(notSha, store2);","","  return _.difference(","    Object.keys(store1)","  , Object.keys(store2)","  ).map(function(sha){","    return commitsBySha[sha];","  });","};","","var commitFormatter = function(data) {","  var currentTagName = '';","  var output = \"## \" + opts.title + \"\\n\";","  data.forEach(function(commit){","    if (betweenTagsNames && commit.tag.date<=betweenTags[0].date) return;","    if (betweenTagsNames && betweenTags[1] && commit.tag.date>betweenTags[1].date) return;","    if (forTag && commit.tag.name !== forTag) return;","","    var isMerge = (commit.parents.length > 1);","    var isPull = isMerge && /^Merge pull request #/i.test(commit.commit.message);","    var isSquashAndMerge = false;","","    // handle checking for a squash & merge","    if (!isPull) {","      isPull = /\\s\\(\\#\\d+\\)/i.test(commit.commit.message); //contains ' (#123)'?","      if (isPull) {","        isMerge = true;","        isSquashAndMerge = true;","      }","    }","","    // exits","    if ((opts.merges === false) && isMerge) return '';","    if ((opts['only-merges']) && commit.parents.length < 2) return '';","    if ((opts['only-pulls']) && !isPull) return '';","","    // choose message content","    var messages = commit.commit.message.split('\\n');","    var message = messages.shift().trim();","","    if (!isSquashAndMerge && opts['use-commit-body'] && commit.parents.length > 1) {","      message = messages.join(' ').trim() || message;","    }","","    if (!opts['hide-tag-names']) {","      if (commit.tag === null) {","        currentTagName = opts['tag-name'];","        output+= \"\\n### \" + opts['tag-name'];","        output+= \"\\n\";","      } else if (commit.tag.name != currentTagName) {","        currentTagName = commit.tag.name;","        output+= \"\\n### \" + commit.tag.name","        output+= \" \" + commit.tag.date.tz(opts['time-zone']).format(opts['date-format']);","        output+= \"\\n\";","      }","    }","","    // if commit is a merge then find all commits that belong to the merge","    // and extract authors out of those. Do this for --only-merges and for","    // --only-pulls","    var authors = {};","    if (isMerge && (opts['only-merges'] || opts['only-pulls'])) {","      getCommitsInMerge(commit).forEach(function(c){","        // ignore the author of a merge commit, they might have reviewed,","        // resolved conflicts, and merged, but I don't think this alone","        // should result in them being considered one of the authors in","        // the pull request","        if (c.parents.length > 1) return;","","        if (c.author && c.author.login) {","          authors[c.author.login] = true;","        }","      });","    }","    authors = Object.keys(authors);","","    // if it's a pull request, then the link should be to the pull request","    if (isPull) {","      var prNumber = null;","      var author = null;","      var authorName = commit.commit.author && commit.commit.author.name;","","      if (isSquashAndMerge) {","        prNumber = commit.commit.message.match(/\\(#\\d+\\)/)[0].replace(/\\(|\\)|#/g,'');","        author = (commit.author && commit.author.login);","      } else {","        prNumber = commit.commit.message.split('#')[1].split(' ')[0];","        author = (commit.commit.message.split(/\\#\\d+\\sfrom\\s/)[1]||'').split('/')[0];","      }","","","      var host = (opts.host === 'api.github.com') ? 'github.com' : opts.host;","      var url = \"https://\"+host+\"/\"+opts.owner+\"/\"+opts.repository+\"/pull/\"+prNumber;","      output += \"- [#\" + prNumber + \"](\" + url + \") \" + message;","","      if (authors.length) {","        output += ' (' + authors.map(function(author){return '@' + author}).join(', ') + ')';","      } else if (author) {","        output += \" (@\" + author + \")\";","      } else if (authorName) {","        output += \" (\" + authorName + \")\";","      }","","    } else { //otherwise link to the commit","      output += \"- [\" + commit.sha.substr(0, 7) + \"](\" + commit.html_url + \") \" + message;","","      if (authors.length)","        output += ' (' + authors.map(function(author){return '@' + author}).join(', ') + ')';","      else if (commit.author && commit.author.login)","        output += \" (@\" + commit.author.login + \")\";","    }","","    // output += \" \" + moment(commit.commit.committer.date).utc().format(opts['date-format']);","    output += \"\\n\";","  });","  return output.trim();","};","","var formatter = function(data) {","  if (opts.data === 'commits') return commitFormatter(data);","  return prFormatter(data);","};","","var getGithubToken = function() {","  if (opts.token) return Promise.resolve({token: opts.token});","  if (opts.auth) return ghauth(authOptions);","  return Promise.resolve({});","};","","var auth = function() {","  if (!token) return;","  github.authenticate({type: 'oauth', token: token});","};","","var task = function() {","  getGithubToken()","    .then(function(authData){","      if (!authData.token) return;","      token = authData.token;","    })","    .then(function(){","      return Promise.all([getTags(), getData()])","    })","    .spread(function(tags, data){","      allTags = _.sortBy(tags, 'date').reverse();","      return data;","    })","    .map(function(data){","      data.tag = tagger(allTags, data);","      data.tagDate = data.tag.date;","      return data;","    })","    .then(function(data){","      // order by commit date DESC by default / ASC if --reverse-changes given","      var compareSign = (opts['reverse-changes']) ? -1 : 1;","","      // order by tag date then commit date","      if (!opts['order-semver'] && opts.data === 'commits') {","        data = data.sort(function(a,b){","          var tagCompare = (a.tagDate - b.tagDate);","          return (tagCompare) ? tagCompare : compareSign * (moment(a.commit.committer.date) - moment(b.commit.committer.date));","        }).reverse();","        return data;","      } else if (!opts['order-semver'] && opts.data === 'pulls') {","        data = data.sort(function(a,b){","          var tagCompare = (a.tagDate - b.tagDate);","          return (tagCompare) ? tagCompare : compareSign * (moment(a.merged_at) - moment(b.merged_at));","        }).reverse();","        return data;","      }","","      // order by semver then commit date","      data = data.sort(function(a,b){","        var tagCompare = 0;","        if (a.tag.name === b.tag.name) tagCompare = 0;","        else if (a.tag.name === opts['tag-name']) tagCompare = 1;","        else if (b.tag.name === opts['tag-name']) tagCompare -1;","        else tagCompare = semver.compare(a.tag.name, b.tag.name);","        return (tagCompare) ? tagCompare : compareSign * (moment(a.commit.committer.date) - moment(b.commit.committer.date));","      }).reverse();","      return data;","    })","    .then(function(data){","      fs.writeFileSync(opts.file, formatter(data));","    })","    .then(function(){","      process.exit(0);","    })","    .catch(function(error){","      console.error('error', error);","      console.error('stack', error.stack);","      process.exit(1);","    })","  ;","};","","var done = function (error) {","  if (!error) process.exit(0);","  console.log(error);","  console.log(error.stack);","  process.exit(1);","};","","var runner = function () {","  var d = domain.create();","  d.on('error', done);","  d.run(task);","};","","runner();",""],"l":{"3":1,"4":1,"5":1,"6":1,"7":1,"8":1,"9":1,"10":1,"11":1,"12":1,"13":1,"14":1,"15":1,"18":1,"19":1,"30":1,"147":1,"149":1,"150":1,"151":1,"153":1,"155":1,"156":1,"158":1,"167":1,"170":1,"175":1,"176":1,"177":1,"182":1,"183":1,"188":1,"189":1,"190":0,"191":0,"196":0,"197":0,"203":0,"204":0,"207":0,"210":0,"214":1,"215":0,"226":0,"227":0,"228":0,"229":0,"230":0,"231":0,"235":0,"236":0,"237":0,"239":0,"240":0,"241":0,"242":0,"243":0,"244":0,"246":0,"247":0,"250":0,"252":0,"254":0,"255":0,"260":0,"261":0,"262":0,"265":0,"266":0,"269":0,"273":1,"274":1,"275":1,"276":1,"277":1,"278":1,"287":0,"288":0,"290":0,"291":0,"293":0,"294":0,"295":0,"300":1,"301":1,"302":0,"305":1,"306":0,"307":0,"308":0,"310":0,"311":0,"312":0,"313":0,"314":0,"316":0,"317":0,"320":1,"321":0,"322":0,"323":0,"324":0,"325":0,"326":0,"327":0,"328":0,"329":0,"330":0,"331":0,"332":0,"333":0,"337":0,"338":0,"339":0,"342":0,"344":0,"347":1,"349":0,"352":0,"353":0,"355":0,"356":0,"357":0,"358":0,"361":0,"362":0,"363":0,"364":0,"365":0,"366":0,"367":0,"371":0,"372":0,"373":0,"374":0,"376":0,"378":0,"382":0,"386":1,"387":0,"388":0,"389":0,"390":0,"391":0,"392":0,"394":0,"395":0,"396":0,"399":0,"400":0,"401":0,"402":0,"403":0,"408":0,"409":0,"410":0,"413":0,"414":0,"416":0,"417":0,"420":0,"421":0,"422":0,"423":0,"424":0,"425":0,"426":0,"427":0,"428":0,"429":0,"436":0,"437":0,"438":0,"443":0,"445":0,"446":0,"450":0,"453":0,"454":0,"455":0,"456":0,"458":0,"459":0,"460":0,"462":0,"463":0,"467":0,"468":0,"469":0,"471":0,"472":0,"473":0,"474":0,"475":0,"476":0,"480":0,"482":0,"483":0,"484":0,"485":0,"489":0,"491":0,"494":1,"495":0,"496":0,"499":1,"500":1,"501":1,"502":1,"505":1,"506":1,"507":0,"510":1,"511":1,"513":1,"514":0,"517":1,"520":0,"521":0,"524":0,"525":0,"526":0,"530":0,"533":0,"534":0,"535":0,"536":0,"538":0,"539":0,"540":0,"541":0,"542":0,"544":0,"548":0,"549":0,"550":0,"551":0,"552":0,"553":0,"554":0,"556":0,"559":0,"562":0,"565":1,"566":1,"567":1,"572":1,"573":0,"574":0,"575":0,"576":0,"579":1,"580":1,"581":1,"582":1,"585":1}}}